[INFO] Scanning for projects...
[INFO] 
[INFO] ------------------< com.herve.intergiciel:RHManager >-------------------
[INFO] Building RHManager 0.0.1-SNAPSHOT
[INFO]   from pom.xml
[INFO] --------------------------------[ jar ]---------------------------------
[INFO] 
[INFO] --- resources:3.3.1:resources (default-resources) @ RHManager ---
[INFO] Copying 1 resource from src/main/resources to target/classes
[INFO] Copying 0 resource from src/main/resources to target/classes
[INFO] 
[INFO] --- compiler:3.13.0:compile (default-compile) @ RHManager ---
[INFO] Recompiling the module because of changed source code.
[INFO] Compiling 8 source files with javac [debug parameters release 21] to target/classes
[INFO] -------------------------------------------------------------
[ERROR] COMPILATION ERROR : 
[INFO] -------------------------------------------------------------
[ERROR] /Users/apple/Documents/Projet_intergiciel/Pro_middleware/RHManager/src/main/java/com/herve/intergiciel/RHManager/Controller/CRUDEmploye.java:[26,34] variable employeService not initialized in the default constructor
[ERROR] /Users/apple/Documents/Projet_intergiciel/Pro_middleware/RHManager/src/main/java/com/herve/intergiciel/RHManager/RHServices/EmployeService.java:[38,39] cannot find symbol
  symbol:   method getNom()
  location: variable employe of type com.herve.intergiciel.RHManager.Modeles.Employe
[ERROR] /Users/apple/Documents/Projet_intergiciel/Pro_middleware/RHManager/src/main/java/com/herve/intergiciel/RHManager/RHServices/EmployeService.java:[39,42] cannot find symbol
  symbol:   method getPrenom()
  location: variable employe of type com.herve.intergiciel.RHManager.Modeles.Employe
[ERROR] /Users/apple/Documents/Projet_intergiciel/Pro_middleware/RHManager/src/main/java/com/herve/intergiciel/RHManager/RHServices/EmployeService.java:[40,43] cannot find symbol
  symbol:   method getAdresse()
  location: variable employe of type com.herve.intergiciel.RHManager.Modeles.Employe
[ERROR] /Users/apple/Documents/Projet_intergiciel/Pro_middleware/RHManager/src/main/java/com/herve/intergiciel/RHManager/RHServices/EmployeService.java:[41,48] cannot find symbol
  symbol:   method getDateEmbauche()
  location: variable employe of type com.herve.intergiciel.RHManager.Modeles.Employe
[ERROR] /Users/apple/Documents/Projet_intergiciel/Pro_middleware/RHManager/src/main/java/com/herve/intergiciel/RHManager/RHServices/EmployeService.java:[42,49] cannot find symbol
  symbol:   method getDateNaissance()
  location: variable employe of type com.herve.intergiciel.RHManager.Modeles.Employe
[ERROR] /Users/apple/Documents/Projet_intergiciel/Pro_middleware/RHManager/src/main/java/com/herve/intergiciel/RHManager/RHServices/EmployeService.java:[43,41] cannot find symbol
  symbol:   method getEmail()
  location: variable employe of type com.herve.intergiciel.RHManager.Modeles.Employe
[ERROR] /Users/apple/Documents/Projet_intergiciel/Pro_middleware/RHManager/src/main/java/com/herve/intergiciel/RHManager/RHServices/EmployeService.java:[44,40] cannot find symbol
  symbol:   method getSexe()
  location: variable employe of type com.herve.intergiciel.RHManager.Modeles.Employe
[ERROR] /Users/apple/Documents/Projet_intergiciel/Pro_middleware/RHManager/src/main/java/com/herve/intergiciel/RHManager/RHServices/EmployeService.java:[45,45] cannot find symbol
  symbol:   method getTelephone()
  location: variable employe of type com.herve.intergiciel.RHManager.Modeles.Employe
[INFO] 9 errors 
[INFO] -------------------------------------------------------------
[INFO] ------------------------------------------------------------------------
[INFO] BUILD FAILURE
[INFO] ------------------------------------------------------------------------
[INFO] Total time:  2.197 s
[INFO] Finished at: 2025-05-25T01:11:31+01:00
[INFO] ------------------------------------------------------------------------
[ERROR] Failed to execute goal org.apache.maven.plugins:maven-compiler-plugin:3.13.0:compile (default-compile) on project RHManager: Compilation failure: Compilation failure: 
[ERROR] /Users/apple/Documents/Projet_intergiciel/Pro_middleware/RHManager/src/main/java/com/herve/intergiciel/RHManager/Controller/CRUDEmploye.java:[26,34] variable employeService not initialized in the default constructor
[ERROR] /Users/apple/Documents/Projet_intergiciel/Pro_middleware/RHManager/src/main/java/com/herve/intergiciel/RHManager/RHServices/EmployeService.java:[38,39] cannot find symbol
[ERROR]   symbol:   method getNom()
[ERROR]   location: variable employe of type com.herve.intergiciel.RHManager.Modeles.Employe
[ERROR] /Users/apple/Documents/Projet_intergiciel/Pro_middleware/RHManager/src/main/java/com/herve/intergiciel/RHManager/RHServices/EmployeService.java:[39,42] cannot find symbol
[ERROR]   symbol:   method getPrenom()
[ERROR]   location: variable employe of type com.herve.intergiciel.RHManager.Modeles.Employe
[ERROR] /Users/apple/Documents/Projet_intergiciel/Pro_middleware/RHManager/src/main/java/com/herve/intergiciel/RHManager/RHServices/EmployeService.java:[40,43] cannot find symbol
[ERROR]   symbol:   method getAdresse()
[ERROR]   location: variable employe of type com.herve.intergiciel.RHManager.Modeles.Employe
[ERROR] /Users/apple/Documents/Projet_intergiciel/Pro_middleware/RHManager/src/main/java/com/herve/intergiciel/RHManager/RHServices/EmployeService.java:[41,48] cannot find symbol
[ERROR]   symbol:   method getDateEmbauche()
[ERROR]   location: variable employe of type com.herve.intergiciel.RHManager.Modeles.Employe
[ERROR] /Users/apple/Documents/Projet_intergiciel/Pro_middleware/RHManager/src/main/java/com/herve/intergiciel/RHManager/RHServices/EmployeService.java:[42,49] cannot find symbol
[ERROR]   symbol:   method getDateNaissance()
[ERROR]   location: variable employe of type com.herve.intergiciel.RHManager.Modeles.Employe
[ERROR] /Users/apple/Documents/Projet_intergiciel/Pro_middleware/RHManager/src/main/java/com/herve/intergiciel/RHManager/RHServices/EmployeService.java:[43,41] cannot find symbol
[ERROR]   symbol:   method getEmail()
[ERROR]   location: variable employe of type com.herve.intergiciel.RHManager.Modeles.Employe
[ERROR] /Users/apple/Documents/Projet_intergiciel/Pro_middleware/RHManager/src/main/java/com/herve/intergiciel/RHManager/RHServices/EmployeService.java:[44,40] cannot find symbol
[ERROR]   symbol:   method getSexe()
[ERROR]   location: variable employe of type com.herve.intergiciel.RHManager.Modeles.Employe
[ERROR] /Users/apple/Documents/Projet_intergiciel/Pro_middleware/RHManager/src/main/java/com/herve/intergiciel/RHManager/RHServices/EmployeService.java:[45,45] cannot find symbol
[ERROR]   symbol:   method getTelephone()
[ERROR]   location: variable employe of type com.herve.intergiciel.RHManager.Modeles.Employe
[ERROR] -> [Help 1]
[ERROR] 
[ERROR] To see the full stack trace of the errors, re-run Maven with the -e switch.
[ERROR] Re-run Maven using the -X switch to enable full debug logging.
[ERROR] 
[ERROR] For more information about the errors and possible solutions, please read the following articles:
[ERROR] [Help 1] http://cwiki.apache.org/confluence/display/MAVEN/MojoFailureException
