[[1;34mINFO[m] Scanning for projects...
[[1;34mINFO[m] 
[[1;34mINFO[m] [1m----------------< [0;36mcom.herve.intergiciel:PatientManager[0;1m >----------------[m
[[1;34mINFO[m] [1mBuilding PatientManager 0.0.1-SNAPSHOT[m
[[1;34mINFO[m] [1m--------------------------------[ jar ]---------------------------------[m
[[1;34mINFO[m] 
[[1;34mINFO[m] [1m>>> [0;32mspring-boot-maven-plugin:3.4.4:run[m [1m(default-cli)[0;1m > [0;1mtest-compile[m @ [36mPatientManager[0;1m >>>[m
[[1;34mINFO[m] 
[[1;34mINFO[m] [1m--- [0;32mmaven-resources-plugin:3.3.1:resources[m [1m(default-resources)[m @ [36mPatientManager[0;1m ---[m
[[1;34mINFO[m] Copying 1 resource from src/main/resources to target/classes
[[1;34mINFO[m] Copying 1 resource from src/main/resources to target/classes
[[1;34mINFO[m] 
[[1;34mINFO[m] [1m--- [0;32mmaven-compiler-plugin:3.13.0:compile[m [1m(default-compile)[m @ [36mPatientManager[0;1m ---[m
[[1;34mINFO[m] Recompiling the module because of [1madded or removed source files[m.
[[1;34mINFO[m] Compiling 17 source files with javac [debug parameters release 21] to target/classes
[[1;34mINFO[m] Annotation processing is enabled because one or more processors were found
  on the class path. A future release of javac may disable annotation processing
  unless at least one processor is specified by name (-processor), or a search
  path is specified (--processor-path, --processor-module-path), or annotation
  processing is enabled explicitly (-proc:only, -proc:full).
  Use -Xlint:-options to suppress this message.
  Use -proc:none to disable annotation processing.
[[1;34mINFO[m] -------------------------------------------------------------
[[1;31mERROR[m] COMPILATION ERROR : 
[[1;34mINFO[m] -------------------------------------------------------------
[[1;31mERROR[m] /home/thegriot/Téléchargements/pro/pro_middleware/dosmed/src/main/java/herve/pro/intergiciel/dosmed/CONTROLLER/DossierPatientController.java:[21,27] cannot find symbol
  symbol:   class DossierPatientWithPatient
  location: class herve.pro.intergiciel.dosmed.CONTROLLER.DossierPatientController
[[1;31mERROR[m] /home/thegriot/Téléchargements/pro/pro_middleware/dosmed/src/main/java/herve/pro/intergiciel/dosmed/CONTROLLER/DossierPatientController.java:[21,77] cannot find symbol
  symbol:   class PathVariable
  location: class herve.pro.intergiciel.dosmed.CONTROLLER.DossierPatientController
[[1;34mINFO[m] 2 errors 
[[1;34mINFO[m] -------------------------------------------------------------
[[1;34mINFO[m] [1m------------------------------------------------------------------------[m
[[1;34mINFO[m] [1;31mBUILD FAILURE[m
[[1;34mINFO[m] [1m------------------------------------------------------------------------[m
[[1;34mINFO[m] Total time:  01:05 min
[[1;34mINFO[m] Finished at: 2025-06-06T21:34:28+02:00
[[1;34mINFO[m] [1m------------------------------------------------------------------------[m
[[1;31mERROR[m] Failed to execute goal [32morg.apache.maven.plugins:maven-compiler-plugin:3.13.0:compile[m [1m(default-compile)[m on project [36mPatientManager[m: [1;31mCompilation failure[m: Compilation failure: 
[[1;31mERROR[m] /home/thegriot/Téléchargements/pro/pro_middleware/dosmed/src/main/java/herve/pro/intergiciel/dosmed/CONTROLLER/DossierPatientController.java:[21,27] cannot find symbol
[[1;31mERROR[m]   symbol:   class DossierPatientWithPatient
[[1;31mERROR[m]   location: class herve.pro.intergiciel.dosmed.CONTROLLER.DossierPatientController
[[1;31mERROR[m] /home/thegriot/Téléchargements/pro/pro_middleware/dosmed/src/main/java/herve/pro/intergiciel/dosmed/CONTROLLER/DossierPatientController.java:[21,77] cannot find symbol
[[1;31mERROR[m]   symbol:   class PathVariable
[[1;31mERROR[m]   location: class herve.pro.intergiciel.dosmed.CONTROLLER.DossierPatientController
[[1;31mERROR[m] -> [1m[Help 1][m
[[1;31mERROR[m] 
[[1;31mERROR[m] To see the full stack trace of the errors, re-run Maven with the [1m-e[m switch.
[[1;31mERROR[m] Re-run Maven using the [1m-X[m switch to enable full debug logging.
[[1;31mERROR[m] 
[[1;31mERROR[m] For more information about the errors and possible solutions, please read the following articles:
[[1;31mERROR[m] [1m[Help 1][m http://cwiki.apache.org/confluence/display/MAVEN/MojoFailureException
