[[1;34mINFO[m] Scanning for projects...
[[1;34mINFO[m] 
[[1;34mINFO[m] [1m--------------< [0;36mcom.herve.intergiciel:myDiscorveryServer[0;1m >--------------[m
[[1;34mINFO[m] [1mBuilding myDiscorveryServer 0.0.1-SNAPSHOT[m
[[1;34mINFO[m] [1m--------------------------------[ jar ]---------------------------------[m
[[1;34mINFO[m] 
[[1;34mINFO[m] [1m>>> [0;32mspring-boot-maven-plugin:3.4.4:run[m [1m(default-cli)[0;1m > [0;1mtest-compile[m @ [36mmyDiscorveryServer[0;1m >>>[m
[[1;34mINFO[m] 
[[1;34mINFO[m] [1m--- [0;32mmaven-resources-plugin:3.3.1:resources[m [1m(default-resources)[m @ [36mmyDiscorveryServer[0;1m ---[m
[[1;34mINFO[m] Copying 1 resource from src/main/resources to target/classes
[[1;34mINFO[m] Copying 0 resource from src/main/resources to target/classes
[[1;34mINFO[m] 
[[1;34mINFO[m] [1m--- [0;32mmaven-compiler-plugin:3.13.0:compile[m [1m(default-compile)[m @ [36mmyDiscorveryServer[0;1m ---[m
[[1;34mINFO[m] Nothing to compile - all classes are up to date.
[[1;34mINFO[m] 
[[1;34mINFO[m] [1m--- [0;32mmaven-resources-plugin:3.3.1:testResources[m [1m(default-testResources)[m @ [36mmyDiscorveryServer[0;1m ---[m
[[1;34mINFO[m] skip non existing resourceDirectory /home/thegriot/Téléchargements/pro/pro_middleware/myDiscorveryServer/src/test/resources
[[1;34mINFO[m] 
[[1;34mINFO[m] [1m--- [0;32mmaven-compiler-plugin:3.13.0:testCompile[m [1m(default-testCompile)[m @ [36mmyDiscorveryServer[0;1m ---[m
[[1;34mINFO[m] Nothing to compile - all classes are up to date.
[[1;34mINFO[m] 
[[1;34mINFO[m] [1m<<< [0;32mspring-boot-maven-plugin:3.4.4:run[m [1m(default-cli)[0;1m < [0;1mtest-compile[m @ [36mmyDiscorveryServer[0;1m <<<[m
[[1;34mINFO[m] 
[[1;34mINFO[m] 
[[1;34mINFO[m] [1m--- [0;32mspring-boot-maven-plugin:3.4.4:run[m [1m(default-cli)[m @ [36mmyDiscorveryServer[0;1m ---[m
[[1;34mINFO[m] Attaching agents: []

  .   ____          _            __ _ _
 /\\ / ___'_ __ _ _(_)_ __  __ _ \ \ \ \
( ( )\___ | '_ | '_| | '_ \/ _` | \ \ \ \
 \\/  ___)| |_)| | | | | || (_| |  ) ) ) )
  '  |____| .__|_| |_|_| |_\__, | / / / /
 =========|_|==============|___/=/_/_/_/

 :: Spring Boot ::                (v3.4.4)

2025-06-04T13:41:27.073+02:00  INFO 2001 --- [MyDiscoveryServer] [           main] c.h.i.m.MyDiscorveryServerApplication    : Starting MyDiscorveryServerApplication using Java 21.0.7 with PID 2001 (/home/thegriot/Téléchargements/pro/pro_middleware/myDiscorveryServer/target/classes started by thegriot in /home/thegriot/Téléchargements/pro/pro_middleware/myDiscorveryServer)
2025-06-04T13:41:27.150+02:00  INFO 2001 --- [MyDiscoveryServer] [           main] c.h.i.m.MyDiscorveryServerApplication    : No active profile set, falling back to 1 default profile: "default"
2025-06-04T13:41:33.481+02:00  INFO 2001 --- [MyDiscoveryServer] [           main] o.s.cloud.context.scope.GenericScope     : BeanFactory id=e8c12164-228b-317f-86ef-3138202e42de
2025-06-04T13:41:34.820+02:00  INFO 2001 --- [MyDiscoveryServer] [           main] o.s.b.w.embedded.tomcat.TomcatWebServer  : Tomcat initialized with port 8761 (http)
2025-06-04T13:41:34.870+02:00  INFO 2001 --- [MyDiscoveryServer] [           main] o.apache.catalina.core.StandardService   : Starting service [Tomcat]
2025-06-04T13:41:34.871+02:00  INFO 2001 --- [MyDiscoveryServer] [           main] o.apache.catalina.core.StandardEngine    : Starting Servlet engine: [Apache Tomcat/10.1.39]
2025-06-04T13:41:35.138+02:00  INFO 2001 --- [MyDiscoveryServer] [           main] o.a.c.c.C.[Tomcat].[localhost].[/]       : Initializing Spring embedded WebApplicationContext
2025-06-04T13:41:35.141+02:00  INFO 2001 --- [MyDiscoveryServer] [           main] w.s.c.ServletWebServerApplicationContext : Root WebApplicationContext: initialization completed in 7401 ms
2025-06-04T13:41:39.238+02:00  INFO 2001 --- [MyDiscoveryServer] [           main] c.n.d.provider.DiscoveryJerseyProvider   : Using JSON encoding codec LegacyJacksonJson
2025-06-04T13:41:39.242+02:00  INFO 2001 --- [MyDiscoveryServer] [           main] c.n.d.provider.DiscoveryJerseyProvider   : Using JSON decoding codec LegacyJacksonJson
2025-06-04T13:41:40.193+02:00  INFO 2001 --- [MyDiscoveryServer] [           main] c.n.d.provider.DiscoveryJerseyProvider   : Using XML encoding codec XStreamXml
2025-06-04T13:41:40.194+02:00  INFO 2001 --- [MyDiscoveryServer] [           main] c.n.d.provider.DiscoveryJerseyProvider   : Using XML decoding codec XStreamXml
2025-06-04T13:41:40.588+02:00  INFO 2001 --- [MyDiscoveryServer] [           main] o.s.v.b.OptionalValidatorFactoryBean     : Failed to set up a Bean Validation provider: jakarta.validation.NoProviderFoundException: Unable to create a Configuration, because no Jakarta Bean Validation provider could be found. Add a provider like Hibernate Validator (RI) to your classpath.
2025-06-04T13:41:42.557+02:00  WARN 2001 --- [MyDiscoveryServer] [           main] iguration$LoadBalancerCaffeineWarnLogger : Spring Cloud LoadBalancer is currently working with the default cache. While this cache implementation is useful for development and tests, it's recommended to use Caffeine cache in production.You can switch to using Caffeine cache, by adding it and org.springframework.cache.caffeine.CaffeineCacheManager to the classpath.
2025-06-04T13:41:42.636+02:00  INFO 2001 --- [MyDiscoveryServer] [           main] o.s.c.n.eureka.InstanceInfoFactory       : Setting initial instance status as: STARTING
2025-06-04T13:41:42.679+02:00  INFO 2001 --- [MyDiscoveryServer] [           main] com.netflix.discovery.DiscoveryClient    : Initializing Eureka in region us-east-1
2025-06-04T13:41:42.680+02:00  INFO 2001 --- [MyDiscoveryServer] [           main] com.netflix.discovery.DiscoveryClient    : Client configured to neither register nor query for data.
2025-06-04T13:41:42.686+02:00  INFO 2001 --- [MyDiscoveryServer] [           main] com.netflix.discovery.DiscoveryClient    : Discovery Client initialized at timestamp 1749037302682 with initial instances count: 0
2025-06-04T13:41:42.911+02:00  INFO 2001 --- [MyDiscoveryServer] [           main] c.n.eureka.DefaultEurekaServerContext    : Initializing ...
2025-06-04T13:41:42.914+02:00  INFO 2001 --- [MyDiscoveryServer] [           main] c.n.eureka.cluster.PeerEurekaNodes       : Adding new peer nodes [http://localhost:8761/eureka/]
2025-06-04T13:41:43.186+02:00  INFO 2001 --- [MyDiscoveryServer] [           main] c.n.d.provider.DiscoveryJerseyProvider   : Using JSON encoding codec LegacyJacksonJson
2025-06-04T13:41:43.186+02:00  INFO 2001 --- [MyDiscoveryServer] [           main] c.n.d.provider.DiscoveryJerseyProvider   : Using JSON decoding codec LegacyJacksonJson
2025-06-04T13:41:43.187+02:00  INFO 2001 --- [MyDiscoveryServer] [           main] c.n.d.provider.DiscoveryJerseyProvider   : Using XML encoding codec XStreamXml
2025-06-04T13:41:43.187+02:00  INFO 2001 --- [MyDiscoveryServer] [           main] c.n.d.provider.DiscoveryJerseyProvider   : Using XML decoding codec XStreamXml
2025-06-04T13:41:43.320+02:00  INFO 2001 --- [MyDiscoveryServer] [           main] c.n.eureka.cluster.PeerEurekaNodes       : Replica node URL:  http://localhost:8761/eureka/
2025-06-04T13:41:43.359+02:00  INFO 2001 --- [MyDiscoveryServer] [           main] c.n.e.registry.AbstractInstanceRegistry  : Finished initializing remote region registries. All known remote regions: []
2025-06-04T13:41:43.360+02:00  INFO 2001 --- [MyDiscoveryServer] [           main] c.n.eureka.DefaultEurekaServerContext    : Initialized
2025-06-04T13:41:43.383+02:00  INFO 2001 --- [MyDiscoveryServer] [           main] o.s.b.a.e.web.EndpointLinksResolver      : Exposing 1 endpoint beneath base path '/actuator'
2025-06-04T13:41:43.493+02:00  INFO 2001 --- [MyDiscoveryServer] [           main] o.s.c.n.e.s.EurekaServiceRegistry        : Registering application MYDISCOVERYSERVER with eureka with status UP
2025-06-04T13:41:43.539+02:00  INFO 2001 --- [MyDiscoveryServer] [           main] o.s.b.w.embedded.tomcat.TomcatWebServer  : Tomcat started on port 8761 (http) with context path '/'
2025-06-04T13:41:43.542+02:00  INFO 2001 --- [MyDiscoveryServer] [           main] .s.c.n.e.s.EurekaAutoServiceRegistration : Updating port to 8761
2025-06-04T13:41:43.542+02:00  INFO 2001 --- [MyDiscoveryServer] [       Thread-9] o.s.c.n.e.server.EurekaServerBootstrap   : isAws returned false
2025-06-04T13:41:43.544+02:00  INFO 2001 --- [MyDiscoveryServer] [       Thread-9] o.s.c.n.e.server.EurekaServerBootstrap   : Initialized server context
2025-06-04T13:41:43.545+02:00  INFO 2001 --- [MyDiscoveryServer] [       Thread-9] c.n.e.r.PeerAwareInstanceRegistryImpl    : Got 1 instances from neighboring DS node
2025-06-04T13:41:43.545+02:00  INFO 2001 --- [MyDiscoveryServer] [       Thread-9] c.n.e.r.PeerAwareInstanceRegistryImpl    : Renew threshold is: 1
2025-06-04T13:41:43.545+02:00  INFO 2001 --- [MyDiscoveryServer] [       Thread-9] c.n.e.r.PeerAwareInstanceRegistryImpl    : Changing status to UP
2025-06-04T13:41:43.554+02:00  INFO 2001 --- [MyDiscoveryServer] [       Thread-9] e.s.EurekaServerInitializerConfiguration : Started Eureka Server
2025-06-04T13:41:43.579+02:00  INFO 2001 --- [MyDiscoveryServer] [           main] c.h.i.m.MyDiscorveryServerApplication    : Started MyDiscorveryServerApplication in 20.2 seconds (process running for 23.067)
2025-06-04T13:42:12.433+02:00  INFO 2001 --- [MyDiscoveryServer] [nio-8761-exec-3] o.a.c.c.C.[Tomcat].[localhost].[/]       : Initializing Spring DispatcherServlet 'dispatcherServlet'
2025-06-04T13:42:12.434+02:00  INFO 2001 --- [MyDiscoveryServer] [nio-8761-exec-3] o.s.web.servlet.DispatcherServlet        : Initializing Servlet 'dispatcherServlet'
2025-06-04T13:42:12.438+02:00  INFO 2001 --- [MyDiscoveryServer] [nio-8761-exec-3] o.s.web.servlet.DispatcherServlet        : Completed initialization in 4 ms
2025-06-04T13:42:12.822+02:00  WARN 2001 --- [MyDiscoveryServer] [nio-8761-exec-1] c.n.e.registry.AbstractInstanceRegistry  : DS: Registry: lease doesn't exist, registering resource: MYCONFIG - 192.168.1.186:myconfig:8888
2025-06-04T13:42:12.829+02:00  WARN 2001 --- [MyDiscoveryServer] [nio-8761-exec-1] c.n.eureka.resources.InstanceResource    : Not Found (Renew): MYCONFIG - 192.168.1.186:myconfig:8888
2025-06-04T13:42:13.417+02:00  INFO 2001 --- [MyDiscoveryServer] [nio-8761-exec-5] c.n.e.registry.AbstractInstanceRegistry  : Registered instance MYCONFIG/192.168.1.186:myconfig:8888 with status UP (replication=false)
2025-06-04T13:42:13.417+02:00  INFO 2001 --- [MyDiscoveryServer] [nio-8761-exec-4] c.n.e.registry.AbstractInstanceRegistry  : Registered instance MYCONFIG/192.168.1.186:myconfig:8888 with status UP (replication=false)
2025-06-04T13:42:14.714+02:00  WARN 2001 --- [MyDiscoveryServer] [nio-8761-exec-6] c.n.e.registry.AbstractInstanceRegistry  : There is an existing lease and the existing lease's dirty timestamp 1749037333365 is greater than the one that is being registered 1749037302179
2025-06-04T13:42:14.715+02:00  WARN 2001 --- [MyDiscoveryServer] [nio-8761-exec-6] c.n.e.registry.AbstractInstanceRegistry  : Using the existing instanceInfo instead of the new instanceInfo as the registrant
2025-06-04T13:42:14.718+02:00  INFO 2001 --- [MyDiscoveryServer] [nio-8761-exec-6] c.n.e.registry.AbstractInstanceRegistry  : Registered instance MYCONFIG/192.168.1.186:myconfig:8888 with status UP (replication=true)
2025-06-04T13:42:43.549+02:00  INFO 2001 --- [MyDiscoveryServer] [a-EvictionTimer] c.n.e.registry.AbstractInstanceRegistry  : Running the evict task with compensationTime 0ms
2025-06-04T13:43:43.549+02:00  INFO 2001 --- [MyDiscoveryServer] [a-EvictionTimer] c.n.e.registry.AbstractInstanceRegistry  : Running the evict task with compensationTime 0ms
2025-06-04T13:44:43.550+02:00  INFO 2001 --- [MyDiscoveryServer] [a-EvictionTimer] c.n.e.registry.AbstractInstanceRegistry  : Running the evict task with compensationTime 0ms
2025-06-04T13:45:43.550+02:00  INFO 2001 --- [MyDiscoveryServer] [a-EvictionTimer] c.n.e.registry.AbstractInstanceRegistry  : Running the evict task with compensationTime 0ms
2025-06-04T13:46:43.550+02:00  INFO 2001 --- [MyDiscoveryServer] [a-EvictionTimer] c.n.e.registry.AbstractInstanceRegistry  : Running the evict task with compensationTime 0ms
2025-06-04T13:47:43.551+02:00  INFO 2001 --- [MyDiscoveryServer] [a-EvictionTimer] c.n.e.registry.AbstractInstanceRegistry  : Running the evict task with compensationTime 0ms
2025-06-04T13:48:43.552+02:00  INFO 2001 --- [MyDiscoveryServer] [a-EvictionTimer] c.n.e.registry.AbstractInstanceRegistry  : Running the evict task with compensationTime 0ms
2025-06-04T13:49:43.551+02:00  INFO 2001 --- [MyDiscoveryServer] [a-EvictionTimer] c.n.e.registry.AbstractInstanceRegistry  : Running the evict task with compensationTime 0ms
2025-06-04T13:50:46.632+02:00  INFO 2001 --- [MyDiscoveryServer] [a-EvictionTimer] c.n.e.registry.AbstractInstanceRegistry  : Running the evict task with compensationTime 2ms
2025-06-04T13:51:46.633+02:00  INFO 2001 --- [MyDiscoveryServer] [a-EvictionTimer] c.n.e.registry.AbstractInstanceRegistry  : Running the evict task with compensationTime 0ms
2025-06-04T13:52:46.633+02:00  INFO 2001 --- [MyDiscoveryServer] [a-EvictionTimer] c.n.e.registry.AbstractInstanceRegistry  : Running the evict task with compensationTime 0ms
2025-06-04T13:53:46.633+02:00  INFO 2001 --- [MyDiscoveryServer] [a-EvictionTimer] c.n.e.registry.AbstractInstanceRegistry  : Running the evict task with compensationTime 0ms
2025-06-04T13:54:46.633+02:00  INFO 2001 --- [MyDiscoveryServer] [a-EvictionTimer] c.n.e.registry.AbstractInstanceRegistry  : Running the evict task with compensationTime 0ms
2025-06-04T13:55:46.633+02:00  INFO 2001 --- [MyDiscoveryServer] [a-EvictionTimer] c.n.e.registry.AbstractInstanceRegistry  : Running the evict task with compensationTime 0ms
2025-06-04T13:56:46.438+02:00  INFO 2001 --- [MyDiscoveryServer] [hresholdUpdater] c.n.e.r.PeerAwareInstanceRegistryImpl    : Current renewal threshold is : 0
2025-06-04T13:56:46.633+02:00  INFO 2001 --- [MyDiscoveryServer] [a-EvictionTimer] c.n.e.registry.AbstractInstanceRegistry  : Running the evict task with compensationTime 0ms
2025-06-04T13:57:46.633+02:00  INFO 2001 --- [MyDiscoveryServer] [a-EvictionTimer] c.n.e.registry.AbstractInstanceRegistry  : Running the evict task with compensationTime 0ms
2025-06-04T13:58:46.636+02:00  INFO 2001 --- [MyDiscoveryServer] [a-EvictionTimer] c.n.e.registry.AbstractInstanceRegistry  : Running the evict task with compensationTime 3ms
2025-06-04T13:59:46.637+02:00  INFO 2001 --- [MyDiscoveryServer] [a-EvictionTimer] c.n.e.registry.AbstractInstanceRegistry  : Running the evict task with compensationTime 1ms
2025-06-04T14:00:46.637+02:00  INFO 2001 --- [MyDiscoveryServer] [a-EvictionTimer] c.n.e.registry.AbstractInstanceRegistry  : Running the evict task with compensationTime 0ms
2025-06-04T14:01:46.637+02:00  INFO 2001 --- [MyDiscoveryServer] [a-EvictionTimer] c.n.e.registry.AbstractInstanceRegistry  : Running the evict task with compensationTime 0ms
2025-06-04T14:02:46.637+02:00  INFO 2001 --- [MyDiscoveryServer] [a-EvictionTimer] c.n.e.registry.AbstractInstanceRegistry  : Running the evict task with compensationTime 0ms
2025-06-04T14:03:46.638+02:00  INFO 2001 --- [MyDiscoveryServer] [a-EvictionTimer] c.n.e.registry.AbstractInstanceRegistry  : Running the evict task with compensationTime 0ms
2025-06-04T14:04:46.637+02:00  INFO 2001 --- [MyDiscoveryServer] [a-EvictionTimer] c.n.e.registry.AbstractInstanceRegistry  : Running the evict task with compensationTime 0ms
2025-06-04T14:05:46.638+02:00  INFO 2001 --- [MyDiscoveryServer] [a-EvictionTimer] c.n.e.registry.AbstractInstanceRegistry  : Running the evict task with compensationTime 0ms
2025-06-04T14:06:46.638+02:00  INFO 2001 --- [MyDiscoveryServer] [a-EvictionTimer] c.n.e.registry.AbstractInstanceRegistry  : Running the evict task with compensationTime 0ms
2025-06-04T14:07:46.638+02:00  INFO 2001 --- [MyDiscoveryServer] [a-EvictionTimer] c.n.e.registry.AbstractInstanceRegistry  : Running the evict task with compensationTime 0ms
2025-06-04T14:08:46.639+02:00  INFO 2001 --- [MyDiscoveryServer] [a-EvictionTimer] c.n.e.registry.AbstractInstanceRegistry  : Running the evict task with compensationTime 0ms
2025-06-04T14:09:46.639+02:00  INFO 2001 --- [MyDiscoveryServer] [a-EvictionTimer] c.n.e.registry.AbstractInstanceRegistry  : Running the evict task with compensationTime 0ms
2025-06-04T14:10:46.640+02:00  INFO 2001 --- [MyDiscoveryServer] [a-EvictionTimer] c.n.e.registry.AbstractInstanceRegistry  : Running the evict task with compensationTime 0ms
2025-06-04T14:11:46.437+02:00  INFO 2001 --- [MyDiscoveryServer] [hresholdUpdater] c.n.e.r.PeerAwareInstanceRegistryImpl    : Current renewal threshold is : 0
2025-06-04T14:11:46.640+02:00  INFO 2001 --- [MyDiscoveryServer] [a-EvictionTimer] c.n.e.registry.AbstractInstanceRegistry  : Running the evict task with compensationTime 0ms
2025-06-04T14:12:46.641+02:00  INFO 2001 --- [MyDiscoveryServer] [a-EvictionTimer] c.n.e.registry.AbstractInstanceRegistry  : Running the evict task with compensationTime 0ms
2025-06-04T14:13:46.641+02:00  INFO 2001 --- [MyDiscoveryServer] [a-EvictionTimer] c.n.e.registry.AbstractInstanceRegistry  : Running the evict task with compensationTime 0ms
2025-06-04T14:14:36.415+02:00  INFO 2001 --- [MyDiscoveryServer] [nio-8761-exec-5] c.n.e.registry.AbstractInstanceRegistry  : Registered instance AUTH-SERVICE/192.168.1.186:auth-service:8004 with status UP (replication=false)
2025-06-04T14:14:36.926+02:00  INFO 2001 --- [MyDiscoveryServer] [nio-8761-exec-6] c.n.e.registry.AbstractInstanceRegistry  : Registered instance AUTH-SERVICE/192.168.1.186:auth-service:8004 with status UP (replication=true)
2025-06-04T14:14:46.642+02:00  INFO 2001 --- [MyDiscoveryServer] [a-EvictionTimer] c.n.e.registry.AbstractInstanceRegistry  : Running the evict task with compensationTime 0ms
2025-06-04T14:15:46.642+02:00  INFO 2001 --- [MyDiscoveryServer] [a-EvictionTimer] c.n.e.registry.AbstractInstanceRegistry  : Running the evict task with compensationTime 0ms
2025-06-04T14:16:46.643+02:00  INFO 2001 --- [MyDiscoveryServer] [a-EvictionTimer] c.n.e.registry.AbstractInstanceRegistry  : Running the evict task with compensationTime 0ms
2025-06-04T14:17:46.643+02:00  INFO 2001 --- [MyDiscoveryServer] [a-EvictionTimer] c.n.e.registry.AbstractInstanceRegistry  : Running the evict task with compensationTime 0ms
2025-06-04T14:18:46.643+02:00  INFO 2001 --- [MyDiscoveryServer] [a-EvictionTimer] c.n.e.registry.AbstractInstanceRegistry  : Running the evict task with compensationTime 0ms
2025-06-04T14:19:46.643+02:00  INFO 2001 --- [MyDiscoveryServer] [a-EvictionTimer] c.n.e.registry.AbstractInstanceRegistry  : Running the evict task with compensationTime 0ms
2025-06-04T14:20:46.643+02:00  INFO 2001 --- [MyDiscoveryServer] [a-EvictionTimer] c.n.e.registry.AbstractInstanceRegistry  : Running the evict task with compensationTime 0ms
2025-06-04T14:21:46.643+02:00  INFO 2001 --- [MyDiscoveryServer] [a-EvictionTimer] c.n.e.registry.AbstractInstanceRegistry  : Running the evict task with compensationTime 0ms
2025-06-04T14:22:46.643+02:00  INFO 2001 --- [MyDiscoveryServer] [a-EvictionTimer] c.n.e.registry.AbstractInstanceRegistry  : Running the evict task with compensationTime 0ms
2025-06-04T14:23:46.643+02:00  INFO 2001 --- [MyDiscoveryServer] [a-EvictionTimer] c.n.e.registry.AbstractInstanceRegistry  : Running the evict task with compensationTime 0ms
2025-06-04T14:24:46.643+02:00  INFO 2001 --- [MyDiscoveryServer] [a-EvictionTimer] c.n.e.registry.AbstractInstanceRegistry  : Running the evict task with compensationTime 0ms
2025-06-04T14:25:46.643+02:00  INFO 2001 --- [MyDiscoveryServer] [a-EvictionTimer] c.n.e.registry.AbstractInstanceRegistry  : Running the evict task with compensationTime 0ms
2025-06-04T14:26:46.437+02:00  INFO 2001 --- [MyDiscoveryServer] [hresholdUpdater] c.n.e.r.PeerAwareInstanceRegistryImpl    : Current renewal threshold is : 0
2025-06-04T14:26:46.643+02:00  INFO 2001 --- [MyDiscoveryServer] [a-EvictionTimer] c.n.e.registry.AbstractInstanceRegistry  : Running the evict task with compensationTime 0ms
2025-06-04T14:27:46.643+02:00  INFO 2001 --- [MyDiscoveryServer] [a-EvictionTimer] c.n.e.registry.AbstractInstanceRegistry  : Running the evict task with compensationTime 0ms
2025-06-04T14:28:46.644+02:00  INFO 2001 --- [MyDiscoveryServer] [a-EvictionTimer] c.n.e.registry.AbstractInstanceRegistry  : Running the evict task with compensationTime 1ms
2025-06-04T14:29:46.644+02:00  INFO 2001 --- [MyDiscoveryServer] [a-EvictionTimer] c.n.e.registry.AbstractInstanceRegistry  : Running the evict task with compensationTime 0ms
2025-06-04T14:30:46.644+02:00  INFO 2001 --- [MyDiscoveryServer] [a-EvictionTimer] c.n.e.registry.AbstractInstanceRegistry  : Running the evict task with compensationTime 0ms
2025-06-04T14:31:46.644+02:00  INFO 2001 --- [MyDiscoveryServer] [a-EvictionTimer] c.n.e.registry.AbstractInstanceRegistry  : Running the evict task with compensationTime 0ms
2025-06-04T14:32:46.644+02:00  INFO 2001 --- [MyDiscoveryServer] [a-EvictionTimer] c.n.e.registry.AbstractInstanceRegistry  : Running the evict task with compensationTime 0ms
2025-06-04T14:33:46.644+02:00  INFO 2001 --- [MyDiscoveryServer] [a-EvictionTimer] c.n.e.registry.AbstractInstanceRegistry  : Running the evict task with compensationTime 0ms
2025-06-04T14:33:49.129+02:00  INFO 2001 --- [MyDiscoveryServer] [nio-8761-exec-2] c.n.e.registry.AbstractInstanceRegistry  : Registered instance AUTH-SERVICE/192.168.1.186:auth-service:8004 with status DOWN (replication=false)
2025-06-04T14:33:49.641+02:00  INFO 2001 --- [MyDiscoveryServer] [io-8761-exec-10] c.n.e.registry.AbstractInstanceRegistry  : Registered instance AUTH-SERVICE/192.168.1.186:auth-service:8004 with status DOWN (replication=true)
2025-06-04T14:34:46.644+02:00  INFO 2001 --- [MyDiscoveryServer] [a-EvictionTimer] c.n.e.registry.AbstractInstanceRegistry  : Running the evict task with compensationTime 0ms
2025-06-04T14:35:46.644+02:00  INFO 2001 --- [MyDiscoveryServer] [a-EvictionTimer] c.n.e.registry.AbstractInstanceRegistry  : Running the evict task with compensationTime 0ms
2025-06-04T14:36:46.644+02:00  INFO 2001 --- [MyDiscoveryServer] [a-EvictionTimer] c.n.e.registry.AbstractInstanceRegistry  : Running the evict task with compensationTime 0ms
2025-06-04T14:37:46.644+02:00  INFO 2001 --- [MyDiscoveryServer] [a-EvictionTimer] c.n.e.registry.AbstractInstanceRegistry  : Running the evict task with compensationTime 0ms
2025-06-04T14:38:46.644+02:00  INFO 2001 --- [MyDiscoveryServer] [a-EvictionTimer] c.n.e.registry.AbstractInstanceRegistry  : Running the evict task with compensationTime 0ms
2025-06-04T14:39:46.644+02:00  INFO 2001 --- [MyDiscoveryServer] [a-EvictionTimer] c.n.e.registry.AbstractInstanceRegistry  : Running the evict task with compensationTime 0ms
2025-06-04T14:40:46.644+02:00  INFO 2001 --- [MyDiscoveryServer] [a-EvictionTimer] c.n.e.registry.AbstractInstanceRegistry  : Running the evict task with compensationTime 0ms
2025-06-04T14:41:46.438+02:00  INFO 2001 --- [MyDiscoveryServer] [hresholdUpdater] c.n.e.r.PeerAwareInstanceRegistryImpl    : Current renewal threshold is : 0
2025-06-04T14:41:46.645+02:00  INFO 2001 --- [MyDiscoveryServer] [a-EvictionTimer] c.n.e.registry.AbstractInstanceRegistry  : Running the evict task with compensationTime 0ms
2025-06-04T14:42:46.645+02:00  INFO 2001 --- [MyDiscoveryServer] [a-EvictionTimer] c.n.e.registry.AbstractInstanceRegistry  : Running the evict task with compensationTime 0ms
2025-06-04T14:43:46.646+02:00  INFO 2001 --- [MyDiscoveryServer] [a-EvictionTimer] c.n.e.registry.AbstractInstanceRegistry  : Running the evict task with compensationTime 0ms
2025-06-04T14:44:46.646+02:00  INFO 2001 --- [MyDiscoveryServer] [a-EvictionTimer] c.n.e.registry.AbstractInstanceRegistry  : Running the evict task with compensationTime 0ms
2025-06-04T14:45:46.647+02:00  INFO 2001 --- [MyDiscoveryServer] [a-EvictionTimer] c.n.e.registry.AbstractInstanceRegistry  : Running the evict task with compensationTime 0ms
2025-06-04T14:46:46.646+02:00  INFO 2001 --- [MyDiscoveryServer] [a-EvictionTimer] c.n.e.registry.AbstractInstanceRegistry  : Running the evict task with compensationTime 0ms
2025-06-04T14:47:46.647+02:00  INFO 2001 --- [MyDiscoveryServer] [a-EvictionTimer] c.n.e.registry.AbstractInstanceRegistry  : Running the evict task with compensationTime 0ms
2025-06-04T14:48:46.646+02:00  INFO 2001 --- [MyDiscoveryServer] [a-EvictionTimer] c.n.e.registry.AbstractInstanceRegistry  : Running the evict task with compensationTime 0ms
2025-06-04T14:49:46.647+02:00  INFO 2001 --- [MyDiscoveryServer] [a-EvictionTimer] c.n.e.registry.AbstractInstanceRegistry  : Running the evict task with compensationTime 0ms
2025-06-04T14:50:46.647+02:00  INFO 2001 --- [MyDiscoveryServer] [a-EvictionTimer] c.n.e.registry.AbstractInstanceRegistry  : Running the evict task with compensationTime 0ms
2025-06-04T14:51:46.647+02:00  INFO 2001 --- [MyDiscoveryServer] [a-EvictionTimer] c.n.e.registry.AbstractInstanceRegistry  : Running the evict task with compensationTime 0ms
2025-06-04T14:52:46.647+02:00  INFO 2001 --- [MyDiscoveryServer] [a-EvictionTimer] c.n.e.registry.AbstractInstanceRegistry  : Running the evict task with compensationTime 0ms
2025-06-04T14:53:46.647+02:00  INFO 2001 --- [MyDiscoveryServer] [a-EvictionTimer] c.n.e.registry.AbstractInstanceRegistry  : Running the evict task with compensationTime 0ms
2025-06-04T14:54:46.647+02:00  INFO 2001 --- [MyDiscoveryServer] [a-EvictionTimer] c.n.e.registry.AbstractInstanceRegistry  : Running the evict task with compensationTime 0ms
2025-06-04T14:55:46.647+02:00  INFO 2001 --- [MyDiscoveryServer] [a-EvictionTimer] c.n.e.registry.AbstractInstanceRegistry  : Running the evict task with compensationTime 0ms
2025-06-04T14:56:46.437+02:00  INFO 2001 --- [MyDiscoveryServer] [hresholdUpdater] c.n.e.r.PeerAwareInstanceRegistryImpl    : Current renewal threshold is : 0
2025-06-04T14:56:46.647+02:00  INFO 2001 --- [MyDiscoveryServer] [a-EvictionTimer] c.n.e.registry.AbstractInstanceRegistry  : Running the evict task with compensationTime 0ms
2025-06-04T14:57:46.647+02:00  INFO 2001 --- [MyDiscoveryServer] [a-EvictionTimer] c.n.e.registry.AbstractInstanceRegistry  : Running the evict task with compensationTime 0ms
2025-06-04T14:58:46.647+02:00  INFO 2001 --- [MyDiscoveryServer] [a-EvictionTimer] c.n.e.registry.AbstractInstanceRegistry  : Running the evict task with compensationTime 0ms
2025-06-04T14:59:46.647+02:00  INFO 2001 --- [MyDiscoveryServer] [a-EvictionTimer] c.n.e.registry.AbstractInstanceRegistry  : Running the evict task with compensationTime 0ms
2025-06-04T15:00:46.647+02:00  INFO 2001 --- [MyDiscoveryServer] [a-EvictionTimer] c.n.e.registry.AbstractInstanceRegistry  : Running the evict task with compensationTime 0ms
2025-06-04T15:01:46.647+02:00  INFO 2001 --- [MyDiscoveryServer] [a-EvictionTimer] c.n.e.registry.AbstractInstanceRegistry  : Running the evict task with compensationTime 0ms
2025-06-04T15:02:46.647+02:00  INFO 2001 --- [MyDiscoveryServer] [a-EvictionTimer] c.n.e.registry.AbstractInstanceRegistry  : Running the evict task with compensationTime 0ms
2025-06-04T15:03:46.647+02:00  INFO 2001 --- [MyDiscoveryServer] [a-EvictionTimer] c.n.e.registry.AbstractInstanceRegistry  : Running the evict task with compensationTime 0ms
2025-06-04T15:04:46.648+02:00  INFO 2001 --- [MyDiscoveryServer] [a-EvictionTimer] c.n.e.registry.AbstractInstanceRegistry  : Running the evict task with compensationTime 0ms
2025-06-04T15:05:46.648+02:00  INFO 2001 --- [MyDiscoveryServer] [a-EvictionTimer] c.n.e.registry.AbstractInstanceRegistry  : Running the evict task with compensationTime 0ms
2025-06-04T15:06:46.649+02:00  INFO 2001 --- [MyDiscoveryServer] [a-EvictionTimer] c.n.e.registry.AbstractInstanceRegistry  : Running the evict task with compensationTime 0ms
2025-06-04T15:07:46.648+02:00  INFO 2001 --- [MyDiscoveryServer] [a-EvictionTimer] c.n.e.registry.AbstractInstanceRegistry  : Running the evict task with compensationTime 0ms
2025-06-04T15:08:46.648+02:00  INFO 2001 --- [MyDiscoveryServer] [a-EvictionTimer] c.n.e.registry.AbstractInstanceRegistry  : Running the evict task with compensationTime 0ms
2025-06-04T15:09:46.648+02:00  INFO 2001 --- [MyDiscoveryServer] [a-EvictionTimer] c.n.e.registry.AbstractInstanceRegistry  : Running the evict task with compensationTime 0ms
2025-06-04T15:10:46.648+02:00  INFO 2001 --- [MyDiscoveryServer] [a-EvictionTimer] c.n.e.registry.AbstractInstanceRegistry  : Running the evict task with compensationTime 0ms
2025-06-04T15:11:46.438+02:00  INFO 2001 --- [MyDiscoveryServer] [hresholdUpdater] c.n.e.r.PeerAwareInstanceRegistryImpl    : Current renewal threshold is : 0
2025-06-04T15:11:46.648+02:00  INFO 2001 --- [MyDiscoveryServer] [a-EvictionTimer] c.n.e.registry.AbstractInstanceRegistry  : Running the evict task with compensationTime 0ms
2025-06-04T15:12:46.648+02:00  INFO 2001 --- [MyDiscoveryServer] [a-EvictionTimer] c.n.e.registry.AbstractInstanceRegistry  : Running the evict task with compensationTime 0ms
2025-06-04T15:13:46.648+02:00  INFO 2001 --- [MyDiscoveryServer] [a-EvictionTimer] c.n.e.registry.AbstractInstanceRegistry  : Running the evict task with compensationTime 0ms
2025-06-04T15:14:46.648+02:00  INFO 2001 --- [MyDiscoveryServer] [a-EvictionTimer] c.n.e.registry.AbstractInstanceRegistry  : Running the evict task with compensationTime 0ms
2025-06-04T15:15:46.648+02:00  INFO 2001 --- [MyDiscoveryServer] [a-EvictionTimer] c.n.e.registry.AbstractInstanceRegistry  : Running the evict task with compensationTime 0ms
2025-06-04T15:16:46.648+02:00  INFO 2001 --- [MyDiscoveryServer] [a-EvictionTimer] c.n.e.registry.AbstractInstanceRegistry  : Running the evict task with compensationTime 0ms
2025-06-04T15:17:46.648+02:00  INFO 2001 --- [MyDiscoveryServer] [a-EvictionTimer] c.n.e.registry.AbstractInstanceRegistry  : Running the evict task with compensationTime 0ms
2025-06-04T15:18:46.648+02:00  INFO 2001 --- [MyDiscoveryServer] [a-EvictionTimer] c.n.e.registry.AbstractInstanceRegistry  : Running the evict task with compensationTime 0ms
2025-06-04T15:19:46.648+02:00  INFO 2001 --- [MyDiscoveryServer] [a-EvictionTimer] c.n.e.registry.AbstractInstanceRegistry  : Running the evict task with compensationTime 0ms
2025-06-04T15:20:46.648+02:00  INFO 2001 --- [MyDiscoveryServer] [a-EvictionTimer] c.n.e.registry.AbstractInstanceRegistry  : Running the evict task with compensationTime 0ms
2025-06-04T15:21:46.648+02:00  INFO 2001 --- [MyDiscoveryServer] [a-EvictionTimer] c.n.e.registry.AbstractInstanceRegistry  : Running the evict task with compensationTime 0ms
2025-06-04T15:22:46.648+02:00  INFO 2001 --- [MyDiscoveryServer] [a-EvictionTimer] c.n.e.registry.AbstractInstanceRegistry  : Running the evict task with compensationTime 0ms
2025-06-04T15:23:46.649+02:00  INFO 2001 --- [MyDiscoveryServer] [a-EvictionTimer] c.n.e.registry.AbstractInstanceRegistry  : Running the evict task with compensationTime 0ms
2025-06-04T15:24:46.649+02:00  INFO 2001 --- [MyDiscoveryServer] [a-EvictionTimer] c.n.e.registry.AbstractInstanceRegistry  : Running the evict task with compensationTime 0ms
2025-06-04T15:25:46.650+02:00  INFO 2001 --- [MyDiscoveryServer] [a-EvictionTimer] c.n.e.registry.AbstractInstanceRegistry  : Running the evict task with compensationTime 0ms
2025-06-04T15:26:46.437+02:00  INFO 2001 --- [MyDiscoveryServer] [hresholdUpdater] c.n.e.r.PeerAwareInstanceRegistryImpl    : Current renewal threshold is : 0
2025-06-04T15:26:46.650+02:00  INFO 2001 --- [MyDiscoveryServer] [a-EvictionTimer] c.n.e.registry.AbstractInstanceRegistry  : Running the evict task with compensationTime 0ms
2025-06-04T15:27:46.651+02:00  INFO 2001 --- [MyDiscoveryServer] [a-EvictionTimer] c.n.e.registry.AbstractInstanceRegistry  : Running the evict task with compensationTime 0ms
2025-06-04T15:28:46.651+02:00  INFO 2001 --- [MyDiscoveryServer] [a-EvictionTimer] c.n.e.registry.AbstractInstanceRegistry  : Running the evict task with compensationTime 0ms
2025-06-04T15:29:46.651+02:00  INFO 2001 --- [MyDiscoveryServer] [a-EvictionTimer] c.n.e.registry.AbstractInstanceRegistry  : Running the evict task with compensationTime 0ms
2025-06-04T15:30:46.651+02:00  INFO 2001 --- [MyDiscoveryServer] [a-EvictionTimer] c.n.e.registry.AbstractInstanceRegistry  : Running the evict task with compensationTime 0ms
2025-06-04T15:31:46.651+02:00  INFO 2001 --- [MyDiscoveryServer] [a-EvictionTimer] c.n.e.registry.AbstractInstanceRegistry  : Running the evict task with compensationTime 0ms
2025-06-04T15:32:46.651+02:00  INFO 2001 --- [MyDiscoveryServer] [a-EvictionTimer] c.n.e.registry.AbstractInstanceRegistry  : Running the evict task with compensationTime 0ms
2025-06-04T15:33:46.651+02:00  INFO 2001 --- [MyDiscoveryServer] [a-EvictionTimer] c.n.e.registry.AbstractInstanceRegistry  : Running the evict task with compensationTime 0ms
2025-06-04T15:34:46.651+02:00  INFO 2001 --- [MyDiscoveryServer] [a-EvictionTimer] c.n.e.registry.AbstractInstanceRegistry  : Running the evict task with compensationTime 0ms
2025-06-04T15:35:46.652+02:00  INFO 2001 --- [MyDiscoveryServer] [a-EvictionTimer] c.n.e.registry.AbstractInstanceRegistry  : Running the evict task with compensationTime 0ms
2025-06-04T15:36:46.651+02:00  INFO 2001 --- [MyDiscoveryServer] [a-EvictionTimer] c.n.e.registry.AbstractInstanceRegistry  : Running the evict task with compensationTime 0ms
2025-06-04T15:37:46.651+02:00  INFO 2001 --- [MyDiscoveryServer] [a-EvictionTimer] c.n.e.registry.AbstractInstanceRegistry  : Running the evict task with compensationTime 0ms
2025-06-04T15:38:46.651+02:00  INFO 2001 --- [MyDiscoveryServer] [a-EvictionTimer] c.n.e.registry.AbstractInstanceRegistry  : Running the evict task with compensationTime 0ms
2025-06-04T15:39:46.651+02:00  INFO 2001 --- [MyDiscoveryServer] [a-EvictionTimer] c.n.e.registry.AbstractInstanceRegistry  : Running the evict task with compensationTime 0ms
2025-06-04T15:40:46.651+02:00  INFO 2001 --- [MyDiscoveryServer] [a-EvictionTimer] c.n.e.registry.AbstractInstanceRegistry  : Running the evict task with compensationTime 0ms
2025-06-04T15:41:46.438+02:00  INFO 2001 --- [MyDiscoveryServer] [hresholdUpdater] c.n.e.r.PeerAwareInstanceRegistryImpl    : Current renewal threshold is : 0
2025-06-04T15:41:46.652+02:00  INFO 2001 --- [MyDiscoveryServer] [a-EvictionTimer] c.n.e.registry.AbstractInstanceRegistry  : Running the evict task with compensationTime 0ms
2025-06-04T15:42:46.651+02:00  INFO 2001 --- [MyDiscoveryServer] [a-EvictionTimer] c.n.e.registry.AbstractInstanceRegistry  : Running the evict task with compensationTime 0ms
2025-06-04T15:43:46.651+02:00  INFO 2001 --- [MyDiscoveryServer] [a-EvictionTimer] c.n.e.registry.AbstractInstanceRegistry  : Running the evict task with compensationTime 0ms
2025-06-04T15:44:46.651+02:00  INFO 2001 --- [MyDiscoveryServer] [a-EvictionTimer] c.n.e.registry.AbstractInstanceRegistry  : Running the evict task with compensationTime 0ms
2025-06-04T15:45:46.651+02:00  INFO 2001 --- [MyDiscoveryServer] [a-EvictionTimer] c.n.e.registry.AbstractInstanceRegistry  : Running the evict task with compensationTime 0ms
2025-06-04T15:46:46.651+02:00  INFO 2001 --- [MyDiscoveryServer] [a-EvictionTimer] c.n.e.registry.AbstractInstanceRegistry  : Running the evict task with compensationTime 0ms
2025-06-04T15:47:46.651+02:00  INFO 2001 --- [MyDiscoveryServer] [a-EvictionTimer] c.n.e.registry.AbstractInstanceRegistry  : Running the evict task with compensationTime 0ms
2025-06-04T15:48:46.651+02:00  INFO 2001 --- [MyDiscoveryServer] [a-EvictionTimer] c.n.e.registry.AbstractInstanceRegistry  : Running the evict task with compensationTime 0ms
2025-06-04T15:49:46.651+02:00  INFO 2001 --- [MyDiscoveryServer] [a-EvictionTimer] c.n.e.registry.AbstractInstanceRegistry  : Running the evict task with compensationTime 0ms
2025-06-04T15:50:46.651+02:00  INFO 2001 --- [MyDiscoveryServer] [a-EvictionTimer] c.n.e.registry.AbstractInstanceRegistry  : Running the evict task with compensationTime 0ms
2025-06-04T15:51:46.651+02:00  INFO 2001 --- [MyDiscoveryServer] [a-EvictionTimer] c.n.e.registry.AbstractInstanceRegistry  : Running the evict task with compensationTime 0ms
2025-06-04T15:52:46.651+02:00  INFO 2001 --- [MyDiscoveryServer] [a-EvictionTimer] c.n.e.registry.AbstractInstanceRegistry  : Running the evict task with compensationTime 0ms
2025-06-04T15:53:46.651+02:00  INFO 2001 --- [MyDiscoveryServer] [a-EvictionTimer] c.n.e.registry.AbstractInstanceRegistry  : Running the evict task with compensationTime 0ms
2025-06-04T15:54:46.651+02:00  INFO 2001 --- [MyDiscoveryServer] [a-EvictionTimer] c.n.e.registry.AbstractInstanceRegistry  : Running the evict task with compensationTime 0ms
2025-06-04T15:55:46.651+02:00  INFO 2001 --- [MyDiscoveryServer] [a-EvictionTimer] c.n.e.registry.AbstractInstanceRegistry  : Running the evict task with compensationTime 0ms
2025-06-04T15:56:23.475+02:00  INFO 2001 --- [MyDiscoveryServer] [nio-8761-exec-5] c.n.e.registry.AbstractInstanceRegistry  : Cancelled instance AUTH-SERVICE/192.168.1.186:auth-service:8004 (replication=false)
2025-06-04T15:56:24.052+02:00  WARN 2001 --- [MyDiscoveryServer] [nio-8761-exec-8] c.n.e.registry.AbstractInstanceRegistry  : DS: Registry: cancel failed because Lease is not registered for: AUTH-SERVICE/192.168.1.186:auth-service:8004
2025-06-04T15:56:24.052+02:00  INFO 2001 --- [MyDiscoveryServer] [nio-8761-exec-8] c.n.eureka.resources.InstanceResource    : Not Found (Cancel): AUTH-SERVICE - 192.168.1.186:auth-service:8004
2025-06-04T15:56:24.055+02:00  WARN 2001 --- [MyDiscoveryServer] [et_localhost-17] c.n.eureka.cluster.ReplicationTask       : The replication of task AUTH-SERVICE/192.168.1.186:auth-service:8004:Cancel@localhost failed with response code 404
2025-06-04T15:56:24.055+02:00  WARN 2001 --- [MyDiscoveryServer] [et_localhost-17] c.netflix.eureka.cluster.PeerEurekaNode  : AUTH-SERVICE/192.168.1.186:auth-service:8004:Cancel@localhost: missing entry.
2025-06-04T16:39:03.514+02:00  INFO 2001 --- [MyDiscoveryServer] [hresholdUpdater] c.n.e.r.PeerAwareInstanceRegistryImpl    : Current renewal threshold is : 0
2025-06-04T16:39:03.727+02:00  INFO 2001 --- [MyDiscoveryServer] [a-EvictionTimer] c.n.e.registry.AbstractInstanceRegistry  : Running the evict task with compensationTime 0ms
2025-06-04T16:39:03.727+02:00  INFO 2001 --- [MyDiscoveryServer] [a-EvictionTimer] c.n.e.registry.AbstractInstanceRegistry  : Evicting 1 items (expired=1, evictionLimit=1)
2025-06-04T16:39:03.727+02:00  WARN 2001 --- [MyDiscoveryServer] [a-EvictionTimer] c.n.e.registry.AbstractInstanceRegistry  : DS: Registry: expired lease for MYCONFIG/192.168.1.186:myconfig:8888
2025-06-04T16:39:03.729+02:00  INFO 2001 --- [MyDiscoveryServer] [a-EvictionTimer] c.n.e.registry.AbstractInstanceRegistry  : Cancelled instance MYCONFIG/192.168.1.186:myconfig:8888 (replication=false)
2025-06-04T16:39:06.417+02:00  WARN 2001 --- [MyDiscoveryServer] [nio-8761-exec-9] c.n.e.registry.AbstractInstanceRegistry  : DS: Registry: lease doesn't exist, registering resource: MYCONFIG - 192.168.1.186:myconfig:8888
2025-06-04T16:39:06.418+02:00  WARN 2001 --- [MyDiscoveryServer] [nio-8761-exec-9] c.n.eureka.resources.InstanceResource    : Not Found (Renew): MYCONFIG - 192.168.1.186:myconfig:8888
2025-06-04T16:39:06.436+02:00  INFO 2001 --- [MyDiscoveryServer] [nio-8761-exec-6] c.n.e.registry.AbstractInstanceRegistry  : Registered instance MYCONFIG/192.168.1.186:myconfig:8888 with status UP (replication=false)
2025-06-04T16:39:06.945+02:00  INFO 2001 --- [MyDiscoveryServer] [nio-8761-exec-8] c.n.e.registry.AbstractInstanceRegistry  : Registered instance MYCONFIG/192.168.1.186:myconfig:8888 with status UP (replication=true)
2025-06-04T16:40:03.727+02:00  INFO 2001 --- [MyDiscoveryServer] [a-EvictionTimer] c.n.e.registry.AbstractInstanceRegistry  : Running the evict task with compensationTime 0ms
2025-06-04T16:41:03.727+02:00  INFO 2001 --- [MyDiscoveryServer] [a-EvictionTimer] c.n.e.registry.AbstractInstanceRegistry  : Running the evict task with compensationTime 0ms
2025-06-04T16:42:03.727+02:00  INFO 2001 --- [MyDiscoveryServer] [a-EvictionTimer] c.n.e.registry.AbstractInstanceRegistry  : Running the evict task with compensationTime 0ms
2025-06-04T16:43:03.727+02:00  INFO 2001 --- [MyDiscoveryServer] [a-EvictionTimer] c.n.e.registry.AbstractInstanceRegistry  : Running the evict task with compensationTime 0ms
2025-06-04T16:44:03.728+02:00  INFO 2001 --- [MyDiscoveryServer] [a-EvictionTimer] c.n.e.registry.AbstractInstanceRegistry  : Running the evict task with compensationTime 0ms
2025-06-04T16:45:03.727+02:00  INFO 2001 --- [MyDiscoveryServer] [a-EvictionTimer] c.n.e.registry.AbstractInstanceRegistry  : Running the evict task with compensationTime 0ms
2025-06-04T16:46:03.728+02:00  INFO 2001 --- [MyDiscoveryServer] [a-EvictionTimer] c.n.e.registry.AbstractInstanceRegistry  : Running the evict task with compensationTime 0ms
2025-06-04T16:47:03.728+02:00  INFO 2001 --- [MyDiscoveryServer] [a-EvictionTimer] c.n.e.registry.AbstractInstanceRegistry  : Running the evict task with compensationTime 0ms
2025-06-04T16:48:03.728+02:00  INFO 2001 --- [MyDiscoveryServer] [a-EvictionTimer] c.n.e.registry.AbstractInstanceRegistry  : Running the evict task with compensationTime 0ms
2025-06-04T16:49:03.729+02:00  INFO 2001 --- [MyDiscoveryServer] [a-EvictionTimer] c.n.e.registry.AbstractInstanceRegistry  : Running the evict task with compensationTime 0ms
2025-06-04T16:50:03.729+02:00  INFO 2001 --- [MyDiscoveryServer] [a-EvictionTimer] c.n.e.registry.AbstractInstanceRegistry  : Running the evict task with compensationTime 0ms
2025-06-04T16:51:03.729+02:00  INFO 2001 --- [MyDiscoveryServer] [a-EvictionTimer] c.n.e.registry.AbstractInstanceRegistry  : Running the evict task with compensationTime 0ms
2025-06-04T16:52:03.729+02:00  INFO 2001 --- [MyDiscoveryServer] [a-EvictionTimer] c.n.e.registry.AbstractInstanceRegistry  : Running the evict task with compensationTime 0ms
2025-06-04T16:53:03.729+02:00  INFO 2001 --- [MyDiscoveryServer] [a-EvictionTimer] c.n.e.registry.AbstractInstanceRegistry  : Running the evict task with compensationTime 0ms
2025-06-04T16:54:03.515+02:00  INFO 2001 --- [MyDiscoveryServer] [hresholdUpdater] c.n.e.r.PeerAwareInstanceRegistryImpl    : Current renewal threshold is : 0
2025-06-04T16:54:03.730+02:00  INFO 2001 --- [MyDiscoveryServer] [a-EvictionTimer] c.n.e.registry.AbstractInstanceRegistry  : Running the evict task with compensationTime 0ms
2025-06-04T16:55:03.730+02:00  INFO 2001 --- [MyDiscoveryServer] [a-EvictionTimer] c.n.e.registry.AbstractInstanceRegistry  : Running the evict task with compensationTime 0ms
2025-06-04T16:56:03.731+02:00  INFO 2001 --- [MyDiscoveryServer] [a-EvictionTimer] c.n.e.registry.AbstractInstanceRegistry  : Running the evict task with compensationTime 0ms
2025-06-04T16:57:03.731+02:00  INFO 2001 --- [MyDiscoveryServer] [a-EvictionTimer] c.n.e.registry.AbstractInstanceRegistry  : Running the evict task with compensationTime 0ms
2025-06-04T16:58:03.732+02:00  INFO 2001 --- [MyDiscoveryServer] [a-EvictionTimer] c.n.e.registry.AbstractInstanceRegistry  : Running the evict task with compensationTime 0ms
2025-06-04T16:59:03.732+02:00  INFO 2001 --- [MyDiscoveryServer] [a-EvictionTimer] c.n.e.registry.AbstractInstanceRegistry  : Running the evict task with compensationTime 0ms
2025-06-04T17:00:03.733+02:00  INFO 2001 --- [MyDiscoveryServer] [a-EvictionTimer] c.n.e.registry.AbstractInstanceRegistry  : Running the evict task with compensationTime 0ms
2025-06-04T17:01:03.734+02:00  INFO 2001 --- [MyDiscoveryServer] [a-EvictionTimer] c.n.e.registry.AbstractInstanceRegistry  : Running the evict task with compensationTime 1ms
2025-06-04T17:02:03.734+02:00  INFO 2001 --- [MyDiscoveryServer] [a-EvictionTimer] c.n.e.registry.AbstractInstanceRegistry  : Running the evict task with compensationTime 0ms
2025-06-04T17:03:03.734+02:00  INFO 2001 --- [MyDiscoveryServer] [a-EvictionTimer] c.n.e.registry.AbstractInstanceRegistry  : Running the evict task with compensationTime 0ms
2025-06-04T17:04:03.734+02:00  INFO 2001 --- [MyDiscoveryServer] [a-EvictionTimer] c.n.e.registry.AbstractInstanceRegistry  : Running the evict task with compensationTime 0ms
2025-06-04T17:05:03.734+02:00  INFO 2001 --- [MyDiscoveryServer] [a-EvictionTimer] c.n.e.registry.AbstractInstanceRegistry  : Running the evict task with compensationTime 0ms
2025-06-04T17:06:03.735+02:00  INFO 2001 --- [MyDiscoveryServer] [a-EvictionTimer] c.n.e.registry.AbstractInstanceRegistry  : Running the evict task with compensationTime 0ms
2025-06-04T17:07:03.736+02:00  INFO 2001 --- [MyDiscoveryServer] [a-EvictionTimer] c.n.e.registry.AbstractInstanceRegistry  : Running the evict task with compensationTime 0ms
2025-06-04T17:08:03.736+02:00  INFO 2001 --- [MyDiscoveryServer] [a-EvictionTimer] c.n.e.registry.AbstractInstanceRegistry  : Running the evict task with compensationTime 0ms
2025-06-04T17:09:03.515+02:00  INFO 2001 --- [MyDiscoveryServer] [hresholdUpdater] c.n.e.r.PeerAwareInstanceRegistryImpl    : Current renewal threshold is : 0
2025-06-04T17:09:03.736+02:00  INFO 2001 --- [MyDiscoveryServer] [a-EvictionTimer] c.n.e.registry.AbstractInstanceRegistry  : Running the evict task with compensationTime 0ms
2025-06-04T17:10:03.736+02:00  INFO 2001 --- [MyDiscoveryServer] [a-EvictionTimer] c.n.e.registry.AbstractInstanceRegistry  : Running the evict task with compensationTime 0ms
2025-06-04T17:11:03.737+02:00  INFO 2001 --- [MyDiscoveryServer] [a-EvictionTimer] c.n.e.registry.AbstractInstanceRegistry  : Running the evict task with compensationTime 0ms
2025-06-04T17:12:03.737+02:00  INFO 2001 --- [MyDiscoveryServer] [a-EvictionTimer] c.n.e.registry.AbstractInstanceRegistry  : Running the evict task with compensationTime 0ms
2025-06-04T17:13:04.299+02:00  INFO 2001 --- [MyDiscoveryServer] [a-EvictionTimer] c.n.e.registry.AbstractInstanceRegistry  : Running the evict task with compensationTime 0ms
2025-06-04T17:14:04.299+02:00  INFO 2001 --- [MyDiscoveryServer] [a-EvictionTimer] c.n.e.registry.AbstractInstanceRegistry  : Running the evict task with compensationTime 0ms
2025-06-04T17:15:04.299+02:00  INFO 2001 --- [MyDiscoveryServer] [a-EvictionTimer] c.n.e.registry.AbstractInstanceRegistry  : Running the evict task with compensationTime 0ms
2025-06-04T17:16:04.299+02:00  INFO 2001 --- [MyDiscoveryServer] [a-EvictionTimer] c.n.e.registry.AbstractInstanceRegistry  : Running the evict task with compensationTime 0ms
2025-06-04T17:17:04.299+02:00  INFO 2001 --- [MyDiscoveryServer] [a-EvictionTimer] c.n.e.registry.AbstractInstanceRegistry  : Running the evict task with compensationTime 0ms
2025-06-04T17:18:04.299+02:00  INFO 2001 --- [MyDiscoveryServer] [a-EvictionTimer] c.n.e.registry.AbstractInstanceRegistry  : Running the evict task with compensationTime 0ms
2025-06-04T17:19:04.299+02:00  INFO 2001 --- [MyDiscoveryServer] [a-EvictionTimer] c.n.e.registry.AbstractInstanceRegistry  : Running the evict task with compensationTime 0ms
2025-06-04T17:20:04.299+02:00  INFO 2001 --- [MyDiscoveryServer] [a-EvictionTimer] c.n.e.registry.AbstractInstanceRegistry  : Running the evict task with compensationTime 0ms
2025-06-04T17:21:04.299+02:00  INFO 2001 --- [MyDiscoveryServer] [a-EvictionTimer] c.n.e.registry.AbstractInstanceRegistry  : Running the evict task with compensationTime 0ms
2025-06-04T17:22:04.300+02:00  INFO 2001 --- [MyDiscoveryServer] [a-EvictionTimer] c.n.e.registry.AbstractInstanceRegistry  : Running the evict task with compensationTime 0ms
2025-06-04T17:23:04.300+02:00  INFO 2001 --- [MyDiscoveryServer] [a-EvictionTimer] c.n.e.registry.AbstractInstanceRegistry  : Running the evict task with compensationTime 0ms
2025-06-04T17:24:04.077+02:00  INFO 2001 --- [MyDiscoveryServer] [hresholdUpdater] c.n.e.r.PeerAwareInstanceRegistryImpl    : Current renewal threshold is : 0
2025-06-04T17:24:04.300+02:00  INFO 2001 --- [MyDiscoveryServer] [a-EvictionTimer] c.n.e.registry.AbstractInstanceRegistry  : Running the evict task with compensationTime 0ms
2025-06-04T17:25:04.301+02:00  INFO 2001 --- [MyDiscoveryServer] [a-EvictionTimer] c.n.e.registry.AbstractInstanceRegistry  : Running the evict task with compensationTime 0ms
2025-06-04T17:26:04.301+02:00  INFO 2001 --- [MyDiscoveryServer] [a-EvictionTimer] c.n.e.registry.AbstractInstanceRegistry  : Running the evict task with compensationTime 0ms
2025-06-04T17:27:04.301+02:00  INFO 2001 --- [MyDiscoveryServer] [a-EvictionTimer] c.n.e.registry.AbstractInstanceRegistry  : Running the evict task with compensationTime 0ms
2025-06-04T17:28:04.302+02:00  INFO 2001 --- [MyDiscoveryServer] [a-EvictionTimer] c.n.e.registry.AbstractInstanceRegistry  : Running the evict task with compensationTime 0ms
2025-06-04T17:29:04.302+02:00  INFO 2001 --- [MyDiscoveryServer] [a-EvictionTimer] c.n.e.registry.AbstractInstanceRegistry  : Running the evict task with compensationTime 0ms
2025-06-04T17:30:04.303+02:00  INFO 2001 --- [MyDiscoveryServer] [a-EvictionTimer] c.n.e.registry.AbstractInstanceRegistry  : Running the evict task with compensationTime 0ms
2025-06-04T17:31:04.304+02:00  INFO 2001 --- [MyDiscoveryServer] [a-EvictionTimer] c.n.e.registry.AbstractInstanceRegistry  : Running the evict task with compensationTime 0ms
2025-06-04T17:32:04.304+02:00  INFO 2001 --- [MyDiscoveryServer] [a-EvictionTimer] c.n.e.registry.AbstractInstanceRegistry  : Running the evict task with compensationTime 0ms
2025-06-04T17:33:04.305+02:00  INFO 2001 --- [MyDiscoveryServer] [a-EvictionTimer] c.n.e.registry.AbstractInstanceRegistry  : Running the evict task with compensationTime 0ms
2025-06-04T17:34:04.304+02:00  INFO 2001 --- [MyDiscoveryServer] [a-EvictionTimer] c.n.e.registry.AbstractInstanceRegistry  : Running the evict task with compensationTime 0ms
2025-06-04T17:35:04.304+02:00  INFO 2001 --- [MyDiscoveryServer] [a-EvictionTimer] c.n.e.registry.AbstractInstanceRegistry  : Running the evict task with compensationTime 0ms
2025-06-04T17:36:04.304+02:00  INFO 2001 --- [MyDiscoveryServer] [a-EvictionTimer] c.n.e.registry.AbstractInstanceRegistry  : Running the evict task with compensationTime 0ms
2025-06-04T17:37:04.304+02:00  INFO 2001 --- [MyDiscoveryServer] [a-EvictionTimer] c.n.e.registry.AbstractInstanceRegistry  : Running the evict task with compensationTime 0ms
2025-06-04T17:38:04.304+02:00  INFO 2001 --- [MyDiscoveryServer] [a-EvictionTimer] c.n.e.registry.AbstractInstanceRegistry  : Running the evict task with compensationTime 0ms
2025-06-04T17:39:04.077+02:00  INFO 2001 --- [MyDiscoveryServer] [hresholdUpdater] c.n.e.r.PeerAwareInstanceRegistryImpl    : Current renewal threshold is : 0
2025-06-04T17:39:04.304+02:00  INFO 2001 --- [MyDiscoveryServer] [a-EvictionTimer] c.n.e.registry.AbstractInstanceRegistry  : Running the evict task with compensationTime 0ms
2025-06-04T17:40:04.305+02:00  INFO 2001 --- [MyDiscoveryServer] [a-EvictionTimer] c.n.e.registry.AbstractInstanceRegistry  : Running the evict task with compensationTime 0ms
2025-06-04T17:41:04.305+02:00  INFO 2001 --- [MyDiscoveryServer] [a-EvictionTimer] c.n.e.registry.AbstractInstanceRegistry  : Running the evict task with compensationTime 0ms
2025-06-04T17:42:04.305+02:00  INFO 2001 --- [MyDiscoveryServer] [a-EvictionTimer] c.n.e.registry.AbstractInstanceRegistry  : Running the evict task with compensationTime 0ms
2025-06-04T17:43:04.305+02:00  INFO 2001 --- [MyDiscoveryServer] [a-EvictionTimer] c.n.e.registry.AbstractInstanceRegistry  : Running the evict task with compensationTime 0ms
2025-06-04T17:44:04.305+02:00  INFO 2001 --- [MyDiscoveryServer] [a-EvictionTimer] c.n.e.registry.AbstractInstanceRegistry  : Running the evict task with compensationTime 0ms
2025-06-04T17:45:04.306+02:00  INFO 2001 --- [MyDiscoveryServer] [a-EvictionTimer] c.n.e.registry.AbstractInstanceRegistry  : Running the evict task with compensationTime 0ms
2025-06-04T17:46:04.306+02:00  INFO 2001 --- [MyDiscoveryServer] [a-EvictionTimer] c.n.e.registry.AbstractInstanceRegistry  : Running the evict task with compensationTime 0ms
2025-06-04T17:47:04.306+02:00  INFO 2001 --- [MyDiscoveryServer] [a-EvictionTimer] c.n.e.registry.AbstractInstanceRegistry  : Running the evict task with compensationTime 0ms
2025-06-04T17:48:04.306+02:00  INFO 2001 --- [MyDiscoveryServer] [a-EvictionTimer] c.n.e.registry.AbstractInstanceRegistry  : Running the evict task with compensationTime 0ms
2025-06-04T17:49:04.306+02:00  INFO 2001 --- [MyDiscoveryServer] [a-EvictionTimer] c.n.e.registry.AbstractInstanceRegistry  : Running the evict task with compensationTime 0ms
2025-06-04T17:50:04.307+02:00  INFO 2001 --- [MyDiscoveryServer] [a-EvictionTimer] c.n.e.registry.AbstractInstanceRegistry  : Running the evict task with compensationTime 0ms
2025-06-04T17:51:04.307+02:00  INFO 2001 --- [MyDiscoveryServer] [a-EvictionTimer] c.n.e.registry.AbstractInstanceRegistry  : Running the evict task with compensationTime 0ms
2025-06-04T17:52:04.307+02:00  INFO 2001 --- [MyDiscoveryServer] [a-EvictionTimer] c.n.e.registry.AbstractInstanceRegistry  : Running the evict task with compensationTime 0ms
2025-06-04T17:53:04.307+02:00  INFO 2001 --- [MyDiscoveryServer] [a-EvictionTimer] c.n.e.registry.AbstractInstanceRegistry  : Running the evict task with compensationTime 0ms
2025-06-04T17:54:04.078+02:00  INFO 2001 --- [MyDiscoveryServer] [hresholdUpdater] c.n.e.r.PeerAwareInstanceRegistryImpl    : Current renewal threshold is : 0
2025-06-04T17:54:04.307+02:00  INFO 2001 --- [MyDiscoveryServer] [a-EvictionTimer] c.n.e.registry.AbstractInstanceRegistry  : Running the evict task with compensationTime 0ms
2025-06-04T17:55:04.307+02:00  INFO 2001 --- [MyDiscoveryServer] [a-EvictionTimer] c.n.e.registry.AbstractInstanceRegistry  : Running the evict task with compensationTime 0ms
2025-06-04T17:56:04.308+02:00  INFO 2001 --- [MyDiscoveryServer] [a-EvictionTimer] c.n.e.registry.AbstractInstanceRegistry  : Running the evict task with compensationTime 0ms
2025-06-04T17:57:04.308+02:00  INFO 2001 --- [MyDiscoveryServer] [a-EvictionTimer] c.n.e.registry.AbstractInstanceRegistry  : Running the evict task with compensationTime 0ms
2025-06-04T17:58:04.308+02:00  INFO 2001 --- [MyDiscoveryServer] [a-EvictionTimer] c.n.e.registry.AbstractInstanceRegistry  : Running the evict task with compensationTime 0ms
2025-06-04T17:59:04.308+02:00  INFO 2001 --- [MyDiscoveryServer] [a-EvictionTimer] c.n.e.registry.AbstractInstanceRegistry  : Running the evict task with compensationTime 0ms
2025-06-04T18:00:04.308+02:00  INFO 2001 --- [MyDiscoveryServer] [a-EvictionTimer] c.n.e.registry.AbstractInstanceRegistry  : Running the evict task with compensationTime 0ms
2025-06-04T18:01:04.309+02:00  INFO 2001 --- [MyDiscoveryServer] [a-EvictionTimer] c.n.e.registry.AbstractInstanceRegistry  : Running the evict task with compensationTime 0ms
2025-06-04T18:02:04.309+02:00  INFO 2001 --- [MyDiscoveryServer] [a-EvictionTimer] c.n.e.registry.AbstractInstanceRegistry  : Running the evict task with compensationTime 0ms
2025-06-04T18:03:04.309+02:00  INFO 2001 --- [MyDiscoveryServer] [a-EvictionTimer] c.n.e.registry.AbstractInstanceRegistry  : Running the evict task with compensationTime 0ms
2025-06-04T18:04:04.309+02:00  INFO 2001 --- [MyDiscoveryServer] [a-EvictionTimer] c.n.e.registry.AbstractInstanceRegistry  : Running the evict task with compensationTime 0ms
2025-06-04T18:05:04.309+02:00  INFO 2001 --- [MyDiscoveryServer] [a-EvictionTimer] c.n.e.registry.AbstractInstanceRegistry  : Running the evict task with compensationTime 0ms
2025-06-04T18:06:04.309+02:00  INFO 2001 --- [MyDiscoveryServer] [a-EvictionTimer] c.n.e.registry.AbstractInstanceRegistry  : Running the evict task with compensationTime 0ms
2025-06-04T18:07:04.309+02:00  INFO 2001 --- [MyDiscoveryServer] [a-EvictionTimer] c.n.e.registry.AbstractInstanceRegistry  : Running the evict task with compensationTime 0ms
2025-06-04T18:08:04.310+02:00  INFO 2001 --- [MyDiscoveryServer] [a-EvictionTimer] c.n.e.registry.AbstractInstanceRegistry  : Running the evict task with compensationTime 0ms
2025-06-04T18:09:04.078+02:00  INFO 2001 --- [MyDiscoveryServer] [hresholdUpdater] c.n.e.r.PeerAwareInstanceRegistryImpl    : Current renewal threshold is : 0
2025-06-04T18:09:04.309+02:00  INFO 2001 --- [MyDiscoveryServer] [a-EvictionTimer] c.n.e.registry.AbstractInstanceRegistry  : Running the evict task with compensationTime 0ms
2025-06-04T18:10:04.309+02:00  INFO 2001 --- [MyDiscoveryServer] [a-EvictionTimer] c.n.e.registry.AbstractInstanceRegistry  : Running the evict task with compensationTime 0ms
2025-06-04T18:11:04.310+02:00  INFO 2001 --- [MyDiscoveryServer] [a-EvictionTimer] c.n.e.registry.AbstractInstanceRegistry  : Running the evict task with compensationTime 0ms
2025-06-04T18:12:04.309+02:00  INFO 2001 --- [MyDiscoveryServer] [a-EvictionTimer] c.n.e.registry.AbstractInstanceRegistry  : Running the evict task with compensationTime 0ms
2025-06-04T18:13:04.309+02:00  INFO 2001 --- [MyDiscoveryServer] [a-EvictionTimer] c.n.e.registry.AbstractInstanceRegistry  : Running the evict task with compensationTime 0ms
2025-06-04T18:14:04.309+02:00  INFO 2001 --- [MyDiscoveryServer] [a-EvictionTimer] c.n.e.registry.AbstractInstanceRegistry  : Running the evict task with compensationTime 0ms
2025-06-04T18:15:04.309+02:00  INFO 2001 --- [MyDiscoveryServer] [a-EvictionTimer] c.n.e.registry.AbstractInstanceRegistry  : Running the evict task with compensationTime 0ms
2025-06-04T18:16:04.310+02:00  INFO 2001 --- [MyDiscoveryServer] [a-EvictionTimer] c.n.e.registry.AbstractInstanceRegistry  : Running the evict task with compensationTime 0ms
2025-06-04T18:17:04.310+02:00  INFO 2001 --- [MyDiscoveryServer] [a-EvictionTimer] c.n.e.registry.AbstractInstanceRegistry  : Running the evict task with compensationTime 0ms
2025-06-04T18:18:04.310+02:00  INFO 2001 --- [MyDiscoveryServer] [a-EvictionTimer] c.n.e.registry.AbstractInstanceRegistry  : Running the evict task with compensationTime 0ms
2025-06-04T18:19:04.310+02:00  INFO 2001 --- [MyDiscoveryServer] [a-EvictionTimer] c.n.e.registry.AbstractInstanceRegistry  : Running the evict task with compensationTime 0ms
2025-06-04T18:20:04.310+02:00  INFO 2001 --- [MyDiscoveryServer] [a-EvictionTimer] c.n.e.registry.AbstractInstanceRegistry  : Running the evict task with compensationTime 0ms
2025-06-04T18:21:04.311+02:00  INFO 2001 --- [MyDiscoveryServer] [a-EvictionTimer] c.n.e.registry.AbstractInstanceRegistry  : Running the evict task with compensationTime 0ms
2025-06-04T18:22:04.311+02:00  INFO 2001 --- [MyDiscoveryServer] [a-EvictionTimer] c.n.e.registry.AbstractInstanceRegistry  : Running the evict task with compensationTime 0ms
2025-06-04T18:23:04.311+02:00  INFO 2001 --- [MyDiscoveryServer] [a-EvictionTimer] c.n.e.registry.AbstractInstanceRegistry  : Running the evict task with compensationTime 0ms
2025-06-04T18:24:04.078+02:00  INFO 2001 --- [MyDiscoveryServer] [hresholdUpdater] c.n.e.r.PeerAwareInstanceRegistryImpl    : Current renewal threshold is : 0
2025-06-04T18:24:04.311+02:00  INFO 2001 --- [MyDiscoveryServer] [a-EvictionTimer] c.n.e.registry.AbstractInstanceRegistry  : Running the evict task with compensationTime 0ms
2025-06-04T18:25:04.311+02:00  INFO 2001 --- [MyDiscoveryServer] [a-EvictionTimer] c.n.e.registry.AbstractInstanceRegistry  : Running the evict task with compensationTime 0ms
2025-06-04T18:26:04.312+02:00  INFO 2001 --- [MyDiscoveryServer] [a-EvictionTimer] c.n.e.registry.AbstractInstanceRegistry  : Running the evict task with compensationTime 0ms
2025-06-04T18:27:04.311+02:00  INFO 2001 --- [MyDiscoveryServer] [a-EvictionTimer] c.n.e.registry.AbstractInstanceRegistry  : Running the evict task with compensationTime 0ms
2025-06-04T18:28:04.312+02:00  INFO 2001 --- [MyDiscoveryServer] [a-EvictionTimer] c.n.e.registry.AbstractInstanceRegistry  : Running the evict task with compensationTime 0ms
2025-06-04T18:29:04.312+02:00  INFO 2001 --- [MyDiscoveryServer] [a-EvictionTimer] c.n.e.registry.AbstractInstanceRegistry  : Running the evict task with compensationTime 0ms
2025-06-04T18:30:04.312+02:00  INFO 2001 --- [MyDiscoveryServer] [a-EvictionTimer] c.n.e.registry.AbstractInstanceRegistry  : Running the evict task with compensationTime 0ms
2025-06-04T18:31:04.313+02:00  INFO 2001 --- [MyDiscoveryServer] [a-EvictionTimer] c.n.e.registry.AbstractInstanceRegistry  : Running the evict task with compensationTime 0ms
2025-06-04T18:32:04.312+02:00  INFO 2001 --- [MyDiscoveryServer] [a-EvictionTimer] c.n.e.registry.AbstractInstanceRegistry  : Running the evict task with compensationTime 0ms
2025-06-04T18:33:04.313+02:00  INFO 2001 --- [MyDiscoveryServer] [a-EvictionTimer] c.n.e.registry.AbstractInstanceRegistry  : Running the evict task with compensationTime 0ms
2025-06-04T18:34:04.313+02:00  INFO 2001 --- [MyDiscoveryServer] [a-EvictionTimer] c.n.e.registry.AbstractInstanceRegistry  : Running the evict task with compensationTime 0ms
2025-06-04T18:35:04.313+02:00  INFO 2001 --- [MyDiscoveryServer] [a-EvictionTimer] c.n.e.registry.AbstractInstanceRegistry  : Running the evict task with compensationTime 0ms
2025-06-04T18:36:04.314+02:00  INFO 2001 --- [MyDiscoveryServer] [a-EvictionTimer] c.n.e.registry.AbstractInstanceRegistry  : Running the evict task with compensationTime 0ms
2025-06-05T11:34:26.186+02:00  INFO 2001 --- [MyDiscoveryServer] [a-EvictionTimer] c.n.e.registry.AbstractInstanceRegistry  : Running the evict task with compensationTime 0ms
2025-06-05T11:34:26.186+02:00  INFO 2001 --- [MyDiscoveryServer] [a-EvictionTimer] c.n.e.registry.AbstractInstanceRegistry  : Evicting 1 items (expired=1, evictionLimit=1)
2025-06-05T11:34:26.186+02:00  WARN 2001 --- [MyDiscoveryServer] [a-EvictionTimer] c.n.e.registry.AbstractInstanceRegistry  : DS: Registry: expired lease for MYCONFIG/192.168.1.186:myconfig:8888
2025-06-05T11:34:26.187+02:00  INFO 2001 --- [MyDiscoveryServer] [a-EvictionTimer] c.n.e.registry.AbstractInstanceRegistry  : Cancelled instance MYCONFIG/192.168.1.186:myconfig:8888 (replication=false)
2025-06-05T11:34:30.306+02:00  WARN 2001 --- [MyDiscoveryServer] [nio-8761-exec-6] c.n.e.registry.AbstractInstanceRegistry  : DS: Registry: lease doesn't exist, registering resource: MYCONFIG - 192.168.1.186:myconfig:8888
2025-06-05T11:34:30.306+02:00  WARN 2001 --- [MyDiscoveryServer] [nio-8761-exec-6] c.n.eureka.resources.InstanceResource    : Not Found (Renew): MYCONFIG - 192.168.1.186:myconfig:8888
2025-06-05T11:34:30.321+02:00  INFO 2001 --- [MyDiscoveryServer] [nio-8761-exec-7] c.n.e.registry.AbstractInstanceRegistry  : Registered instance MYCONFIG/192.168.1.186:myconfig:8888 with status UP (replication=false)
2025-06-05T11:34:30.834+02:00  INFO 2001 --- [MyDiscoveryServer] [nio-8761-exec-5] c.n.e.registry.AbstractInstanceRegistry  : Registered instance MYCONFIG/192.168.1.186:myconfig:8888 with status UP (replication=true)
2025-06-05T11:35:26.186+02:00  INFO 2001 --- [MyDiscoveryServer] [a-EvictionTimer] c.n.e.registry.AbstractInstanceRegistry  : Running the evict task with compensationTime 0ms
2025-06-05T11:36:25.951+02:00  INFO 2001 --- [MyDiscoveryServer] [hresholdUpdater] c.n.e.r.PeerAwareInstanceRegistryImpl    : Current renewal threshold is : 0
2025-06-05T11:36:26.187+02:00  INFO 2001 --- [MyDiscoveryServer] [a-EvictionTimer] c.n.e.registry.AbstractInstanceRegistry  : Running the evict task with compensationTime 0ms
2025-06-05T11:37:26.187+02:00  INFO 2001 --- [MyDiscoveryServer] [a-EvictionTimer] c.n.e.registry.AbstractInstanceRegistry  : Running the evict task with compensationTime 0ms
2025-06-05T11:38:26.187+02:00  INFO 2001 --- [MyDiscoveryServer] [a-EvictionTimer] c.n.e.registry.AbstractInstanceRegistry  : Running the evict task with compensationTime 0ms
2025-06-05T11:39:26.187+02:00  INFO 2001 --- [MyDiscoveryServer] [a-EvictionTimer] c.n.e.registry.AbstractInstanceRegistry  : Running the evict task with compensationTime 0ms
2025-06-05T11:40:26.187+02:00  INFO 2001 --- [MyDiscoveryServer] [a-EvictionTimer] c.n.e.registry.AbstractInstanceRegistry  : Running the evict task with compensationTime 0ms
2025-06-05T11:41:26.187+02:00  INFO 2001 --- [MyDiscoveryServer] [a-EvictionTimer] c.n.e.registry.AbstractInstanceRegistry  : Running the evict task with compensationTime 0ms
2025-06-05T11:42:26.187+02:00  INFO 2001 --- [MyDiscoveryServer] [a-EvictionTimer] c.n.e.registry.AbstractInstanceRegistry  : Running the evict task with compensationTime 0ms
2025-06-05T11:43:26.187+02:00  INFO 2001 --- [MyDiscoveryServer] [a-EvictionTimer] c.n.e.registry.AbstractInstanceRegistry  : Running the evict task with compensationTime 0ms
2025-06-05T11:44:26.188+02:00  INFO 2001 --- [MyDiscoveryServer] [a-EvictionTimer] c.n.e.registry.AbstractInstanceRegistry  : Running the evict task with compensationTime 0ms
2025-06-05T11:45:26.188+02:00  INFO 2001 --- [MyDiscoveryServer] [a-EvictionTimer] c.n.e.registry.AbstractInstanceRegistry  : Running the evict task with compensationTime 0ms
2025-06-05T11:46:26.189+02:00  INFO 2001 --- [MyDiscoveryServer] [a-EvictionTimer] c.n.e.registry.AbstractInstanceRegistry  : Running the evict task with compensationTime 0ms
2025-06-05T11:47:26.189+02:00  INFO 2001 --- [MyDiscoveryServer] [a-EvictionTimer] c.n.e.registry.AbstractInstanceRegistry  : Running the evict task with compensationTime 0ms
2025-06-05T11:48:26.189+02:00  INFO 2001 --- [MyDiscoveryServer] [a-EvictionTimer] c.n.e.registry.AbstractInstanceRegistry  : Running the evict task with compensationTime 0ms
2025-06-05T11:49:26.190+02:00  INFO 2001 --- [MyDiscoveryServer] [a-EvictionTimer] c.n.e.registry.AbstractInstanceRegistry  : Running the evict task with compensationTime 0ms
2025-06-05T11:50:26.189+02:00  INFO 2001 --- [MyDiscoveryServer] [a-EvictionTimer] c.n.e.registry.AbstractInstanceRegistry  : Running the evict task with compensationTime 0ms
2025-06-05T11:51:25.951+02:00  INFO 2001 --- [MyDiscoveryServer] [hresholdUpdater] c.n.e.r.PeerAwareInstanceRegistryImpl    : Current renewal threshold is : 0
2025-06-05T11:51:26.190+02:00  INFO 2001 --- [MyDiscoveryServer] [a-EvictionTimer] c.n.e.registry.AbstractInstanceRegistry  : Running the evict task with compensationTime 0ms
2025-06-05T11:52:26.190+02:00  INFO 2001 --- [MyDiscoveryServer] [a-EvictionTimer] c.n.e.registry.AbstractInstanceRegistry  : Running the evict task with compensationTime 0ms
2025-06-05T11:53:26.190+02:00  INFO 2001 --- [MyDiscoveryServer] [a-EvictionTimer] c.n.e.registry.AbstractInstanceRegistry  : Running the evict task with compensationTime 0ms
