[INFO] Scanning for projects...
[INFO] 
[INFO] ------------------< com.herve.intergiciel:mygateway >-------------------
[INFO] Building mygateway 0.0.1-SNAPSHOT
[INFO]   from pom.xml
[INFO] --------------------------------[ jar ]---------------------------------
[INFO] 
[INFO] --- resources:3.3.1:resources (default-resources) @ mygateway ---
[INFO] Copying 1 resource from src/main/resources to target/classes
[INFO] Copying 0 resource from src/main/resources to target/classes
[INFO] 
[INFO] --- compiler:3.13.0:compile (default-compile) @ mygateway ---
[INFO] Nothing to compile - all classes are up to date.
[INFO] 
[INFO] --- resources:3.3.1:testResources (default-testResources) @ mygateway ---
[INFO] skip non existing resourceDirectory /Users/apple/Documents/Projet_intergiciel/Pro_middleware/mygateway/src/test/resources
[INFO] 
[INFO] --- compiler:3.13.0:testCompile (default-testCompile) @ mygateway ---
[INFO] Nothing to compile - all classes are up to date.
[INFO] 
[INFO] --- surefire:3.5.2:test (default-test) @ mygateway ---
[INFO] Using auto detected provider org.apache.maven.surefire.junitplatform.JUnitPlatformProvider
[INFO] 
[INFO] -------------------------------------------------------
[INFO]  T E S T S
[INFO] -------------------------------------------------------
[INFO] Running com.herve.intergiciel.mygateway.MygatewayApplicationTests
01:10:42.817 [main] INFO org.springframework.test.context.support.AnnotationConfigContextLoaderUtils -- Could not detect default configuration classes for test class [com.herve.intergiciel.mygateway.MygatewayApplicationTests]: MygatewayApplicationTests does not declare any static, non-private, non-final, nested classes annotated with @Configuration.
01:10:42.946 [main] INFO org.springframework.boot.test.context.SpringBootTestContextBootstrapper -- Found @SpringBootConfiguration com.herve.intergiciel.mygateway.MygatewayApplication for test class com.herve.intergiciel.mygateway.MygatewayApplicationTests

  .   ____          _            __ _ _
 /\\ / ___'_ __ _ _(_)_ __  __ _ \ \ \ \
( ( )\___ | '_ | '_| | '_ \/ _` | \ \ \ \
 \\/  ___)| |_)| | | | | || (_| |  ) ) ) )
  '  |____| .__|_| |_|_| |_\__, | / / / /
 =========|_|==============|___/=/_/_/_/

 :: Spring Boot ::                (v3.4.4)

2025-05-25T01:10:44.072+01:00  INFO 48597 --- [gateway] [           main] c.h.i.m.MygatewayApplicationTests        : Starting MygatewayApplicationTests using Java 23.0.1 with PID 48597 (started by apple in /Users/apple/Documents/Projet_intergiciel/Pro_middleware/mygateway)
2025-05-25T01:10:44.073+01:00  INFO 48597 --- [gateway] [           main] c.h.i.m.MygatewayApplicationTests        : No active profile set, falling back to 1 default profile: "default"
2025-05-25T01:10:44.105+01:00  INFO 48597 --- [gateway] [           main] o.s.c.c.c.ConfigServerConfigDataLoader   : Fetching config from server at : http://localhost:8888
2025-05-25T01:10:44.106+01:00  INFO 48597 --- [gateway] [           main] o.s.c.c.c.ConfigServerConfigDataLoader   : Located environment: name=gateway, profiles=[default], label=null, version=null, state=null
2025-05-25T01:10:45.019+01:00  INFO 48597 --- [gateway] [           main] o.s.cloud.context.scope.GenericScope     : BeanFactory id=98395b05-808a-3afe-ab0d-74a505a8731d
2025-05-25T01:10:45.949+01:00  INFO 48597 --- [gateway] [           main] o.s.c.g.r.RouteDefinitionRouteLocator    : Loaded RoutePredicateFactory [After]
2025-05-25T01:10:45.950+01:00  INFO 48597 --- [gateway] [           main] o.s.c.g.r.RouteDefinitionRouteLocator    : Loaded RoutePredicateFactory [Before]
2025-05-25T01:10:45.950+01:00  INFO 48597 --- [gateway] [           main] o.s.c.g.r.RouteDefinitionRouteLocator    : Loaded RoutePredicateFactory [Between]
2025-05-25T01:10:45.950+01:00  INFO 48597 --- [gateway] [           main] o.s.c.g.r.RouteDefinitionRouteLocator    : Loaded RoutePredicateFactory [Cookie]
2025-05-25T01:10:45.950+01:00  INFO 48597 --- [gateway] [           main] o.s.c.g.r.RouteDefinitionRouteLocator    : Loaded RoutePredicateFactory [Header]
2025-05-25T01:10:45.950+01:00  INFO 48597 --- [gateway] [           main] o.s.c.g.r.RouteDefinitionRouteLocator    : Loaded RoutePredicateFactory [Host]
2025-05-25T01:10:45.950+01:00  INFO 48597 --- [gateway] [           main] o.s.c.g.r.RouteDefinitionRouteLocator    : Loaded RoutePredicateFactory [Method]
2025-05-25T01:10:45.950+01:00  INFO 48597 --- [gateway] [           main] o.s.c.g.r.RouteDefinitionRouteLocator    : Loaded RoutePredicateFactory [Path]
2025-05-25T01:10:45.951+01:00  INFO 48597 --- [gateway] [           main] o.s.c.g.r.RouteDefinitionRouteLocator    : Loaded RoutePredicateFactory [Query]
2025-05-25T01:10:45.951+01:00  INFO 48597 --- [gateway] [           main] o.s.c.g.r.RouteDefinitionRouteLocator    : Loaded RoutePredicateFactory [ReadBody]
2025-05-25T01:10:45.951+01:00  INFO 48597 --- [gateway] [           main] o.s.c.g.r.RouteDefinitionRouteLocator    : Loaded RoutePredicateFactory [RemoteAddr]
2025-05-25T01:10:45.951+01:00  INFO 48597 --- [gateway] [           main] o.s.c.g.r.RouteDefinitionRouteLocator    : Loaded RoutePredicateFactory [XForwardedRemoteAddr]
2025-05-25T01:10:45.951+01:00  INFO 48597 --- [gateway] [           main] o.s.c.g.r.RouteDefinitionRouteLocator    : Loaded RoutePredicateFactory [Weight]
2025-05-25T01:10:45.951+01:00  INFO 48597 --- [gateway] [           main] o.s.c.g.r.RouteDefinitionRouteLocator    : Loaded RoutePredicateFactory [CloudFoundryRouteService]
2025-05-25T01:10:46.186+01:00  INFO 48597 --- [gateway] [           main] o.s.b.a.e.web.EndpointLinksResolver      : Exposing 1 endpoint beneath base path '/actuator'
2025-05-25T01:10:46.388+01:00  INFO 48597 --- [gateway] [           main] DiscoveryClientOptionalArgsConfiguration : Eureka HTTP Client uses RestTemplate.
2025-05-25T01:10:46.415+01:00  WARN 48597 --- [gateway] [           main] iguration$LoadBalancerCaffeineWarnLogger : Spring Cloud LoadBalancer is currently working with the default cache. While this cache implementation is useful for development and tests, it's recommended to use Caffeine cache in production.You can switch to using Caffeine cache, by adding it and org.springframework.cache.caffeine.CaffeineCacheManager to the classpath.
2025-05-25T01:10:46.464+01:00  INFO 48597 --- [gateway] [           main] o.s.c.n.eureka.InstanceInfoFactory       : Setting initial instance status as: STARTING
2025-05-25T01:10:46.484+01:00  INFO 48597 --- [gateway] [           main] com.netflix.discovery.DiscoveryClient    : Initializing Eureka in region us-east-1
2025-05-25T01:10:46.488+01:00  INFO 48597 --- [gateway] [           main] c.n.d.s.r.aws.ConfigClusterResolver      : Resolving eureka endpoints via configuration
2025-05-25T01:10:46.498+01:00  INFO 48597 --- [gateway] [           main] com.netflix.discovery.DiscoveryClient    : Disable delta property : false
2025-05-25T01:10:46.498+01:00  INFO 48597 --- [gateway] [           main] com.netflix.discovery.DiscoveryClient    : Single vip registry refresh property : null
2025-05-25T01:10:46.498+01:00  INFO 48597 --- [gateway] [           main] com.netflix.discovery.DiscoveryClient    : Force full registry fetch : false
2025-05-25T01:10:46.498+01:00  INFO 48597 --- [gateway] [           main] com.netflix.discovery.DiscoveryClient    : Application is null : false
2025-05-25T01:10:46.498+01:00  INFO 48597 --- [gateway] [           main] com.netflix.discovery.DiscoveryClient    : Registered Applications size is zero : true
2025-05-25T01:10:46.499+01:00  INFO 48597 --- [gateway] [           main] com.netflix.discovery.DiscoveryClient    : Application version is -1: true
2025-05-25T01:10:46.499+01:00  INFO 48597 --- [gateway] [           main] com.netflix.discovery.DiscoveryClient    : Getting all instance registry info from the eureka server
2025-05-25T01:10:46.740+01:00  INFO 48597 --- [gateway] [           main] com.netflix.discovery.DiscoveryClient    : The response status is 200
2025-05-25T01:10:46.742+01:00  INFO 48597 --- [gateway] [           main] com.netflix.discovery.DiscoveryClient    : Starting heartbeat executor: renew interval is: 30
2025-05-25T01:10:46.744+01:00  INFO 48597 --- [gateway] [           main] c.n.discovery.InstanceInfoReplicator     : InstanceInfoReplicator onDemand update allowed rate per min is 4
2025-05-25T01:10:46.745+01:00  INFO 48597 --- [gateway] [           main] com.netflix.discovery.DiscoveryClient    : Discovery Client initialized at timestamp 1748131846745 with initial instances count: 4
2025-05-25T01:10:46.752+01:00  INFO 48597 --- [gateway] [           main] o.s.c.n.e.s.EurekaServiceRegistry        : Registering application GATEWAY with eureka with status UP
2025-05-25T01:10:46.752+01:00  INFO 48597 --- [gateway] [           main] com.netflix.discovery.DiscoveryClient    : Saw local status change event StatusChangeEvent [timestamp=1748131846752, current=UP, previous=STARTING]
2025-05-25T01:10:46.754+01:00  INFO 48597 --- [gateway] [foReplicator-%d] com.netflix.discovery.DiscoveryClient    : DiscoveryClient_GATEWAY/herve-mac-os:gateway:8080: registering service...
2025-05-25T01:10:46.793+01:00  INFO 48597 --- [gateway] [foReplicator-%d] com.netflix.discovery.DiscoveryClient    : DiscoveryClient_GATEWAY/herve-mac-os:gateway:8080 - registration status: 204
2025-05-25T01:10:46.829+01:00  INFO 48597 --- [gateway] [           main] c.h.i.m.MygatewayApplicationTests        : Started MygatewayApplicationTests in 3.54 seconds (process running for 4.712)
Mockito is currently self-attaching to enable the inline-mock-maker. This will no longer work in future releases of the JDK. Please add Mockito as an agent to your build what is described in Mockito's documentation: https://javadoc.io/doc/org.mockito/mockito-core/latest/org/mockito/Mockito.html#0.3
WARNING: A Java agent has been loaded dynamically (/Users/apple/.m2/repository/net/bytebuddy/byte-buddy-agent/1.15.11/byte-buddy-agent-1.15.11.jar)
WARNING: If a serviceability tool is in use, please run with -XX:+EnableDynamicAgentLoading to hide this warning
WARNING: If a serviceability tool is not in use, please run with -Djdk.instrument.traceUsage for more information
WARNING: Dynamic loading of agents will be disallowed by default in a future release
Java HotSpot(TM) 64-Bit Server VM warning: Sharing is only supported for boot loader classes because bootstrap classpath has been appended
[INFO] Tests run: 1, Failures: 0, Errors: 0, Skipped: 0, Time elapsed: 4.854 s -- in com.herve.intergiciel.mygateway.MygatewayApplicationTests
[INFO] 
[INFO] Results:
[INFO] 
[INFO] Tests run: 1, Failures: 0, Errors: 0, Skipped: 0
[INFO] 
[INFO] 
[INFO] --- jar:3.4.2:jar (default-jar) @ mygateway ---
[INFO] Building jar: /Users/apple/Documents/Projet_intergiciel/Pro_middleware/mygateway/target/mygateway-0.0.1-SNAPSHOT.jar
[INFO] 
[INFO] --- spring-boot:3.4.4:repackage (repackage) @ mygateway ---
[INFO] Replacing main artifact /Users/apple/Documents/Projet_intergiciel/Pro_middleware/mygateway/target/mygateway-0.0.1-SNAPSHOT.jar with repackaged archive, adding nested dependencies in BOOT-INF/.
[INFO] The original artifact has been renamed to /Users/apple/Documents/Projet_intergiciel/Pro_middleware/mygateway/target/mygateway-0.0.1-SNAPSHOT.jar.original
[INFO] 
[INFO] --- install:3.1.4:install (default-install) @ mygateway ---
[INFO] Installing /Users/apple/Documents/Projet_intergiciel/Pro_middleware/mygateway/pom.xml to /Users/apple/.m2/repository/com/herve/intergiciel/mygateway/0.0.1-SNAPSHOT/mygateway-0.0.1-SNAPSHOT.pom
[INFO] Installing /Users/apple/Documents/Projet_intergiciel/Pro_middleware/mygateway/target/mygateway-0.0.1-SNAPSHOT.jar to /Users/apple/.m2/repository/com/herve/intergiciel/mygateway/0.0.1-SNAPSHOT/mygateway-0.0.1-SNAPSHOT.jar
[INFO] ------------------------------------------------------------------------
[INFO] BUILD SUCCESS
[INFO] ------------------------------------------------------------------------
[INFO] Total time:  11.001 s
[INFO] Finished at: 2025-05-25T01:10:51+01:00
[INFO] ------------------------------------------------------------------------
