[INFO] Scanning for projects...
[INFO] 
[INFO] --------------< com.herve.intergiciel:myDiscorveryServer >--------------
[INFO] Building myDiscorveryServer 0.0.1-SNAPSHOT
[INFO]   from pom.xml
[INFO] --------------------------------[ jar ]---------------------------------
[INFO] 
[INFO] --- resources:3.3.1:resources (default-resources) @ myDiscorveryServer ---
[INFO] Copying 1 resource from src/main/resources to target/classes
[INFO] Copying 0 resource from src/main/resources to target/classes
[INFO] 
[INFO] --- compiler:3.13.0:compile (default-compile) @ myDiscorveryServer ---
[INFO] Nothing to compile - all classes are up to date.
[INFO] 
[INFO] --- resources:3.3.1:testResources (default-testResources) @ myDiscorveryServer ---
[INFO] skip non existing resourceDirectory /Users/apple/Documents/Projet_intergiciel/Pro_middleware/myDiscorveryServer/src/test/resources
[INFO] 
[INFO] --- compiler:3.13.0:testCompile (default-testCompile) @ myDiscorveryServer ---
[INFO] Nothing to compile - all classes are up to date.
[INFO] 
[INFO] --- surefire:3.5.2:test (default-test) @ myDiscorveryServer ---
[INFO] Using auto detected provider org.apache.maven.surefire.junitplatform.JUnitPlatformProvider
[INFO] 
[INFO] -------------------------------------------------------
[INFO]  T E S T S
[INFO] -------------------------------------------------------
[INFO] Running com.herve.intergiciel.myDiscorveryServer.MyDiscorveryServerApplicationTests
01:10:55.711 [main] INFO org.springframework.test.context.support.AnnotationConfigContextLoaderUtils -- Could not detect default configuration classes for test class [com.herve.intergiciel.myDiscorveryServer.MyDiscorveryServerApplicationTests]: MyDiscorveryServerApplicationTests does not declare any static, non-private, non-final, nested classes annotated with @Configuration.
01:10:55.845 [main] INFO org.springframework.boot.test.context.SpringBootTestContextBootstrapper -- Found @SpringBootConfiguration com.herve.intergiciel.myDiscorveryServer.MyDiscorveryServerApplication for test class com.herve.intergiciel.myDiscorveryServer.MyDiscorveryServerApplicationTests

  .   ____          _            __ _ _
 /\\ / ___'_ __ _ _(_)_ __  __ _ \ \ \ \
( ( )\___ | '_ | '_| | '_ \/ _` | \ \ \ \
 \\/  ___)| |_)| | | | | || (_| |  ) ) ) )
  '  |____| .__|_| |_|_| |_\__, | / / / /
 =========|_|==============|___/=/_/_/_/

 :: Spring Boot ::                (v3.4.4)

2025-05-25T01:10:56.628+01:00  INFO 48613 --- [MyDiscoveryServer] [           main] h.i.m.MyDiscorveryServerApplicationTests : Starting MyDiscorveryServerApplicationTests using Java 23.0.1 with PID 48613 (started by apple in /Users/apple/Documents/Projet_intergiciel/Pro_middleware/myDiscorveryServer)
2025-05-25T01:10:56.629+01:00  INFO 48613 --- [MyDiscoveryServer] [           main] h.i.m.MyDiscorveryServerApplicationTests : No active profile set, falling back to 1 default profile: "default"
2025-05-25T01:10:57.617+01:00  INFO 48613 --- [MyDiscoveryServer] [           main] o.s.cloud.context.scope.GenericScope     : BeanFactory id=d8cdbd11-9cd4-31d4-9f92-568ecf341812
2025-05-25T01:10:58.112+01:00  INFO 48613 --- [MyDiscoveryServer] [           main] o.s.v.b.OptionalValidatorFactoryBean     : Failed to set up a Bean Validation provider: jakarta.validation.NoProviderFoundException: Unable to create a Configuration, because no Jakarta Bean Validation provider could be found. Add a provider like Hibernate Validator (RI) to your classpath.
2025-05-25T01:10:58.860+01:00  WARN 48613 --- [MyDiscoveryServer] [           main] iguration$LoadBalancerCaffeineWarnLogger : Spring Cloud LoadBalancer is currently working with the default cache. While this cache implementation is useful for development and tests, it's recommended to use Caffeine cache in production.You can switch to using Caffeine cache, by adding it and org.springframework.cache.caffeine.CaffeineCacheManager to the classpath.
2025-05-25T01:10:59.157+01:00  INFO 48613 --- [MyDiscoveryServer] [           main] o.s.c.n.eureka.InstanceInfoFactory       : Setting initial instance status as: STARTING
2025-05-25T01:10:59.175+01:00  INFO 48613 --- [MyDiscoveryServer] [           main] com.netflix.discovery.DiscoveryClient    : Initializing Eureka in region us-east-1
2025-05-25T01:10:59.176+01:00  INFO 48613 --- [MyDiscoveryServer] [           main] com.netflix.discovery.DiscoveryClient    : Client configured to neither register nor query for data.
2025-05-25T01:10:59.178+01:00  INFO 48613 --- [MyDiscoveryServer] [           main] com.netflix.discovery.DiscoveryClient    : Discovery Client initialized at timestamp 1748131859177 with initial instances count: 0
2025-05-25T01:10:59.216+01:00  INFO 48613 --- [MyDiscoveryServer] [           main] c.n.eureka.DefaultEurekaServerContext    : Initializing ...
2025-05-25T01:10:59.218+01:00  INFO 48613 --- [MyDiscoveryServer] [           main] c.n.eureka.cluster.PeerEurekaNodes       : Adding new peer nodes [http://localhost:8761/eureka/]
2025-05-25T01:10:59.353+01:00  INFO 48613 --- [MyDiscoveryServer] [           main] c.n.d.provider.DiscoveryJerseyProvider   : Using JSON encoding codec LegacyJacksonJson
2025-05-25T01:10:59.354+01:00  INFO 48613 --- [MyDiscoveryServer] [           main] c.n.d.provider.DiscoveryJerseyProvider   : Using JSON decoding codec LegacyJacksonJson
2025-05-25T01:10:59.354+01:00  INFO 48613 --- [MyDiscoveryServer] [           main] c.n.d.provider.DiscoveryJerseyProvider   : Using XML encoding codec XStreamXml
2025-05-25T01:10:59.354+01:00  INFO 48613 --- [MyDiscoveryServer] [           main] c.n.d.provider.DiscoveryJerseyProvider   : Using XML decoding codec XStreamXml
2025-05-25T01:10:59.407+01:00  INFO 48613 --- [MyDiscoveryServer] [           main] c.n.eureka.cluster.PeerEurekaNodes       : Replica node URL:  http://localhost:8761/eureka/
2025-05-25T01:10:59.414+01:00  INFO 48613 --- [MyDiscoveryServer] [           main] c.n.e.registry.AbstractInstanceRegistry  : Finished initializing remote region registries. All known remote regions: []
2025-05-25T01:10:59.414+01:00  INFO 48613 --- [MyDiscoveryServer] [           main] c.n.eureka.DefaultEurekaServerContext    : Initialized
2025-05-25T01:10:59.506+01:00  INFO 48613 --- [MyDiscoveryServer] [           main] o.s.b.a.e.web.EndpointLinksResolver      : Exposing 1 endpoint beneath base path '/actuator'
2025-05-25T01:10:59.559+01:00  INFO 48613 --- [MyDiscoveryServer] [           main] o.s.c.n.e.s.EurekaServiceRegistry        : Registering application MYDISCOVERYSERVER with eureka with status UP
2025-05-25T01:10:59.569+01:00  INFO 48613 --- [MyDiscoveryServer] [      Thread-10] o.s.c.n.e.server.EurekaServerBootstrap   : isAws returned false
2025-05-25T01:10:59.569+01:00  INFO 48613 --- [MyDiscoveryServer] [      Thread-10] o.s.c.n.e.server.EurekaServerBootstrap   : Initialized server context
2025-05-25T01:10:59.570+01:00  INFO 48613 --- [MyDiscoveryServer] [      Thread-10] c.n.e.r.PeerAwareInstanceRegistryImpl    : Got 1 instances from neighboring DS node
2025-05-25T01:10:59.570+01:00  INFO 48613 --- [MyDiscoveryServer] [      Thread-10] c.n.e.r.PeerAwareInstanceRegistryImpl    : Renew threshold is: 1
2025-05-25T01:10:59.570+01:00  INFO 48613 --- [MyDiscoveryServer] [      Thread-10] c.n.e.r.PeerAwareInstanceRegistryImpl    : Changing status to UP
2025-05-25T01:10:59.572+01:00  INFO 48613 --- [MyDiscoveryServer] [      Thread-10] e.s.EurekaServerInitializerConfiguration : Started Eureka Server
2025-05-25T01:10:59.581+01:00  INFO 48613 --- [MyDiscoveryServer] [           main] h.i.m.MyDiscorveryServerApplicationTests : Started MyDiscorveryServerApplicationTests in 3.385 seconds (process running for 4.581)
Mockito is currently self-attaching to enable the inline-mock-maker. This will no longer work in future releases of the JDK. Please add Mockito as an agent to your build what is described in Mockito's documentation: https://javadoc.io/doc/org.mockito/mockito-core/latest/org/mockito/Mockito.html#0.3
WARNING: A Java agent has been loaded dynamically (/Users/apple/.m2/repository/net/bytebuddy/byte-buddy-agent/1.15.11/byte-buddy-agent-1.15.11.jar)
WARNING: If a serviceability tool is in use, please run with -XX:+EnableDynamicAgentLoading to hide this warning
WARNING: If a serviceability tool is not in use, please run with -Djdk.instrument.traceUsage for more information
WARNING: Dynamic loading of agents will be disallowed by default in a future release
Java HotSpot(TM) 64-Bit Server VM warning: Sharing is only supported for boot loader classes because bootstrap classpath has been appended
[INFO] Tests run: 1, Failures: 0, Errors: 0, Skipped: 0, Time elapsed: 4.886 s -- in com.herve.intergiciel.myDiscorveryServer.MyDiscorveryServerApplicationTests
[INFO] 
[INFO] Results:
[INFO] 
[INFO] Tests run: 1, Failures: 0, Errors: 0, Skipped: 0
[INFO] 
[INFO] 
[INFO] --- jar:3.4.2:jar (default-jar) @ myDiscorveryServer ---
[INFO] 
[INFO] --- spring-boot:3.4.4:repackage (repackage) @ myDiscorveryServer ---
[INFO] Replacing main artifact /Users/apple/Documents/Projet_intergiciel/Pro_middleware/myDiscorveryServer/target/myDiscorveryServer-0.0.1-SNAPSHOT.jar with repackaged archive, adding nested dependencies in BOOT-INF/.
[INFO] The original artifact has been renamed to /Users/apple/Documents/Projet_intergiciel/Pro_middleware/myDiscorveryServer/target/myDiscorveryServer-0.0.1-SNAPSHOT.jar.original
[INFO] 
[INFO] --- install:3.1.4:install (default-install) @ myDiscorveryServer ---
[INFO] Installing /Users/apple/Documents/Projet_intergiciel/Pro_middleware/myDiscorveryServer/pom.xml to /Users/apple/.m2/repository/com/herve/intergiciel/myDiscorveryServer/0.0.1-SNAPSHOT/myDiscorveryServer-0.0.1-SNAPSHOT.pom
[INFO] Installing /Users/apple/Documents/Projet_intergiciel/Pro_middleware/myDiscorveryServer/target/myDiscorveryServer-0.0.1-SNAPSHOT.jar to /Users/apple/.m2/repository/com/herve/intergiciel/myDiscorveryServer/0.0.1-SNAPSHOT/myDiscorveryServer-0.0.1-SNAPSHOT.jar
[INFO] ------------------------------------------------------------------------
[INFO] BUILD SUCCESS
[INFO] ------------------------------------------------------------------------
[INFO] Total time:  7.679 s
[INFO] Finished at: 2025-05-25T01:11:01+01:00
[INFO] ------------------------------------------------------------------------
